Copyright 1986-2022 Xilinx, Inc. All Rights Reserved. Copyright 2022-2023 Advanced Micro Devices, Inc. All Rights Reserved.
--------------------------------------------------------------------------------------------------------------------------------------------------------------------------------------------------
| Tool Version : Vivado v.2023.1 (win64) Build 3865809 Sun May  7 15:05:29 MDT 2023
| Date         : Mon Dec 11 10:29:59 2023
| Host         : PTO1011 running 64-bit major release  (build 9200)
| Command      : report_methodology -file sintesis_tragaperras_methodology_drc_routed.rpt -pb sintesis_tragaperras_methodology_drc_routed.pb -rpx sintesis_tragaperras_methodology_drc_routed.rpx
| Design       : sintesis_tragaperras
| Device       : xc7a35tcpg236-1
| Speed File   : -1
| Design State : Fully Routed
--------------------------------------------------------------------------------------------------------------------------------------------------------------------------------------------------

Report Methodology

Table of Contents
-----------------
1. REPORT SUMMARY
2. REPORT DETAILS

1. REPORT SUMMARY
-----------------
            Netlist: netlist
          Floorplan: design_1
      Design limits: <entire design considered>
             Max violations: <unlimited>
             Violations found: 55
+-----------+------------------+--------------------------------+------------+
| Rule      | Severity         | Description                    | Violations |
+-----------+------------------+--------------------------------+------------+
| TIMING-17 | Critical Warning | Non-clocked sequential cell    | 33         |
| TIMING-18 | Warning          | Missing input or output delay  | 14         |
| TIMING-20 | Warning          | Non-clocked latch              | 7          |
| LATCH-1   | Advisory         | Existing latches in the design | 1          |
+-----------+------------------+--------------------------------+------------+

2. REPORT DETAILS
-----------------
TIMING-17#1 Critical Warning
Non-clocked sequential cell  
The clock pin tragaperrasInsts_displayce/MOD_DATAPATH/MOD_CONT_2HZ/numero_reg[0]/C is not reached by a timing clock
Related violations: <none>

TIMING-17#2 Critical Warning
Non-clocked sequential cell  
The clock pin tragaperrasInsts_displayce/MOD_DATAPATH/MOD_CONT_2HZ/numero_reg[1]/C is not reached by a timing clock
Related violations: <none>

TIMING-17#3 Critical Warning
Non-clocked sequential cell  
The clock pin tragaperrasInsts_displayce/MOD_DATAPATH/MOD_CONT_2HZ/numero_reg[2]/C is not reached by a timing clock
Related violations: <none>

TIMING-17#4 Critical Warning
Non-clocked sequential cell  
The clock pin tragaperrasInsts_displayce/MOD_DATAPATH/MOD_CONT_2HZ/numero_reg[3]/C is not reached by a timing clock
Related violations: <none>

TIMING-17#5 Critical Warning
Non-clocked sequential cell  
The clock pin tragaperrasInsts_displayce/MOD_DATAPATH/MOD_CONT_DISPLAY1/numero_reg[0]/C is not reached by a timing clock
Related violations: <none>

TIMING-17#6 Critical Warning
Non-clocked sequential cell  
The clock pin tragaperrasInsts_displayce/MOD_DATAPATH/MOD_CONT_DISPLAY1/numero_reg[1]/C is not reached by a timing clock
Related violations: <none>

TIMING-17#7 Critical Warning
Non-clocked sequential cell  
The clock pin tragaperrasInsts_displayce/MOD_DATAPATH/MOD_CONT_DISPLAY1/numero_reg[2]/C is not reached by a timing clock
Related violations: <none>

TIMING-17#8 Critical Warning
Non-clocked sequential cell  
The clock pin tragaperrasInsts_displayce/MOD_DATAPATH/MOD_CONT_DISPLAY1/numero_reg[3]/C is not reached by a timing clock
Related violations: <none>

TIMING-17#9 Critical Warning
Non-clocked sequential cell  
The clock pin tragaperrasInsts_displayce/MOD_DATAPATH/MOD_CONT_DISPLAY2/numero_reg[0]/C is not reached by a timing clock
Related violations: <none>

TIMING-17#10 Critical Warning
Non-clocked sequential cell  
The clock pin tragaperrasInsts_displayce/MOD_DATAPATH/MOD_CONT_DISPLAY2/numero_reg[1]/C is not reached by a timing clock
Related violations: <none>

TIMING-17#11 Critical Warning
Non-clocked sequential cell  
The clock pin tragaperrasInsts_displayce/MOD_DATAPATH/MOD_CONT_DISPLAY2/numero_reg[2]/C is not reached by a timing clock
Related violations: <none>

TIMING-17#12 Critical Warning
Non-clocked sequential cell  
The clock pin tragaperrasInsts_displayce/MOD_DATAPATH/MOD_CONT_DISPLAY2/numero_reg[3]/C is not reached by a timing clock
Related violations: <none>

TIMING-17#13 Critical Warning
Non-clocked sequential cell  
The clock pin tragaperrasInsts_displayce/MOD_DATAPATH/MOD_GENERADOR_EFECTOS/ATRAER/tmp_reg[0]/C is not reached by a timing clock
Related violations: <none>

TIMING-17#14 Critical Warning
Non-clocked sequential cell  
The clock pin tragaperrasInsts_displayce/MOD_DATAPATH/MOD_GENERADOR_EFECTOS/ATRAER/tmp_reg[10]/C is not reached by a timing clock
Related violations: <none>

TIMING-17#15 Critical Warning
Non-clocked sequential cell  
The clock pin tragaperrasInsts_displayce/MOD_DATAPATH/MOD_GENERADOR_EFECTOS/ATRAER/tmp_reg[11]/C is not reached by a timing clock
Related violations: <none>

TIMING-17#16 Critical Warning
Non-clocked sequential cell  
The clock pin tragaperrasInsts_displayce/MOD_DATAPATH/MOD_GENERADOR_EFECTOS/ATRAER/tmp_reg[12]/C is not reached by a timing clock
Related violations: <none>

TIMING-17#17 Critical Warning
Non-clocked sequential cell  
The clock pin tragaperrasInsts_displayce/MOD_DATAPATH/MOD_GENERADOR_EFECTOS/ATRAER/tmp_reg[13]/C is not reached by a timing clock
Related violations: <none>

TIMING-17#18 Critical Warning
Non-clocked sequential cell  
The clock pin tragaperrasInsts_displayce/MOD_DATAPATH/MOD_GENERADOR_EFECTOS/ATRAER/tmp_reg[14]/C is not reached by a timing clock
Related violations: <none>

TIMING-17#19 Critical Warning
Non-clocked sequential cell  
The clock pin tragaperrasInsts_displayce/MOD_DATAPATH/MOD_GENERADOR_EFECTOS/ATRAER/tmp_reg[15]/C is not reached by a timing clock
Related violations: <none>

TIMING-17#20 Critical Warning
Non-clocked sequential cell  
The clock pin tragaperrasInsts_displayce/MOD_DATAPATH/MOD_GENERADOR_EFECTOS/ATRAER/tmp_reg[1]/C is not reached by a timing clock
Related violations: <none>

TIMING-17#21 Critical Warning
Non-clocked sequential cell  
The clock pin tragaperrasInsts_displayce/MOD_DATAPATH/MOD_GENERADOR_EFECTOS/ATRAER/tmp_reg[2]/C is not reached by a timing clock
Related violations: <none>

TIMING-17#22 Critical Warning
Non-clocked sequential cell  
The clock pin tragaperrasInsts_displayce/MOD_DATAPATH/MOD_GENERADOR_EFECTOS/ATRAER/tmp_reg[3]/C is not reached by a timing clock
Related violations: <none>

TIMING-17#23 Critical Warning
Non-clocked sequential cell  
The clock pin tragaperrasInsts_displayce/MOD_DATAPATH/MOD_GENERADOR_EFECTOS/ATRAER/tmp_reg[4]/C is not reached by a timing clock
Related violations: <none>

TIMING-17#24 Critical Warning
Non-clocked sequential cell  
The clock pin tragaperrasInsts_displayce/MOD_DATAPATH/MOD_GENERADOR_EFECTOS/ATRAER/tmp_reg[5]/C is not reached by a timing clock
Related violations: <none>

TIMING-17#25 Critical Warning
Non-clocked sequential cell  
The clock pin tragaperrasInsts_displayce/MOD_DATAPATH/MOD_GENERADOR_EFECTOS/ATRAER/tmp_reg[6]/C is not reached by a timing clock
Related violations: <none>

TIMING-17#26 Critical Warning
Non-clocked sequential cell  
The clock pin tragaperrasInsts_displayce/MOD_DATAPATH/MOD_GENERADOR_EFECTOS/ATRAER/tmp_reg[7]/C is not reached by a timing clock
Related violations: <none>

TIMING-17#27 Critical Warning
Non-clocked sequential cell  
The clock pin tragaperrasInsts_displayce/MOD_DATAPATH/MOD_GENERADOR_EFECTOS/ATRAER/tmp_reg[8]/C is not reached by a timing clock
Related violations: <none>

TIMING-17#28 Critical Warning
Non-clocked sequential cell  
The clock pin tragaperrasInsts_displayce/MOD_DATAPATH/MOD_GENERADOR_EFECTOS/ATRAER/tmp_reg[9]/C is not reached by a timing clock
Related violations: <none>

TIMING-17#29 Critical Warning
Non-clocked sequential cell  
The clock pin tragaperrasInsts_displayce/MOD_DATAPATH/MOD_GENERADOR_EFECTOS/ESPERA/FSM_onehot_tmp_reg[1]/C is not reached by a timing clock
Related violations: <none>

TIMING-17#30 Critical Warning
Non-clocked sequential cell  
The clock pin tragaperrasInsts_displayce/MOD_DATAPATH/MOD_GENERADOR_EFECTOS/ESPERA/FSM_onehot_tmp_reg[2]/C is not reached by a timing clock
Related violations: <none>

TIMING-17#31 Critical Warning
Non-clocked sequential cell  
The clock pin tragaperrasInsts_displayce/MOD_DATAPATH/MOD_GENERADOR_EFECTOS/GANA/FSM_sequential_tmp_reg/C is not reached by a timing clock
Related violations: <none>

TIMING-17#32 Critical Warning
Non-clocked sequential cell  
The clock pin tragaperrasInsts_displayce/MOD_DATAPATH/MOD_GENERADOR_EFECTOS/PIERDE/FSM_onehot_tmp_reg[1]/C is not reached by a timing clock
Related violations: <none>

TIMING-17#33 Critical Warning
Non-clocked sequential cell  
The clock pin tragaperrasInsts_displayce/MOD_DATAPATH/MOD_GENERADOR_EFECTOS/PIERDE/FSM_onehot_tmp_reg[2]/C is not reached by a timing clock
Related violations: <none>

TIMING-18#1 Warning
Missing input or output delay  
An input delay is missing on boton_fin relative to the rising and/or falling clock edge(s) of sys_clk_pin.
Related violations: <none>

TIMING-18#2 Warning
Missing input or output delay  
An input delay is missing on boton_inicio relative to the rising and/or falling clock edge(s) of sys_clk_pin.
Related violations: <none>

TIMING-18#3 Warning
Missing input or output delay  
An input delay is missing on rst relative to the rising and/or falling clock edge(s) of sys_clk_pin.
Related violations: <none>

TIMING-18#4 Warning
Missing input or output delay  
An output delay is missing on display[0] relative to the rising and/or falling clock edge(s) of sys_clk_pin.
Related violations: <none>

TIMING-18#5 Warning
Missing input or output delay  
An output delay is missing on display[1] relative to the rising and/or falling clock edge(s) of sys_clk_pin.
Related violations: <none>

TIMING-18#6 Warning
Missing input or output delay  
An output delay is missing on display[2] relative to the rising and/or falling clock edge(s) of sys_clk_pin.
Related violations: <none>

TIMING-18#7 Warning
Missing input or output delay  
An output delay is missing on display[3] relative to the rising and/or falling clock edge(s) of sys_clk_pin.
Related violations: <none>

TIMING-18#8 Warning
Missing input or output delay  
An output delay is missing on display[4] relative to the rising and/or falling clock edge(s) of sys_clk_pin.
Related violations: <none>

TIMING-18#9 Warning
Missing input or output delay  
An output delay is missing on display[5] relative to the rising and/or falling clock edge(s) of sys_clk_pin.
Related violations: <none>

TIMING-18#10 Warning
Missing input or output delay  
An output delay is missing on display[6] relative to the rising and/or falling clock edge(s) of sys_clk_pin.
Related violations: <none>

TIMING-18#11 Warning
Missing input or output delay  
An output delay is missing on s_display[0] relative to the rising and/or falling clock edge(s) of sys_clk_pin.
Related violations: <none>

TIMING-18#12 Warning
Missing input or output delay  
An output delay is missing on s_display[1] relative to the rising and/or falling clock edge(s) of sys_clk_pin.
Related violations: <none>

TIMING-18#13 Warning
Missing input or output delay  
An output delay is missing on s_display[2] relative to the rising and/or falling clock edge(s) of sys_clk_pin.
Related violations: <none>

TIMING-18#14 Warning
Missing input or output delay  
An output delay is missing on s_display[3] relative to the rising and/or falling clock edge(s) of sys_clk_pin.
Related violations: <none>

TIMING-20#1 Warning
Non-clocked latch  
The latch tragaperrasInsts_displayce/MOD_CONTROLLER/enables_aux_reg[0] cannot be properly analyzed as its control pin tragaperrasInsts_displayce/MOD_CONTROLLER/enables_aux_reg[0]/G is not reached by a timing clock
Related violations: <none>

TIMING-20#2 Warning
Non-clocked latch  
The latch tragaperrasInsts_displayce/MOD_CONTROLLER/enables_aux_reg[1] cannot be properly analyzed as its control pin tragaperrasInsts_displayce/MOD_CONTROLLER/enables_aux_reg[1]/G is not reached by a timing clock
Related violations: <none>

TIMING-20#3 Warning
Non-clocked latch  
The latch tragaperrasInsts_displayce/MOD_CONTROLLER/enables_aux_reg[2] cannot be properly analyzed as its control pin tragaperrasInsts_displayce/MOD_CONTROLLER/enables_aux_reg[2]/G is not reached by a timing clock
Related violations: <none>

TIMING-20#4 Warning
Non-clocked latch  
The latch tragaperrasInsts_displayce/MOD_CONTROLLER/enables_aux_reg[3] cannot be properly analyzed as its control pin tragaperrasInsts_displayce/MOD_CONTROLLER/enables_aux_reg[3]/G is not reached by a timing clock
Related violations: <none>

TIMING-20#5 Warning
Non-clocked latch  
The latch tragaperrasInsts_displayce/MOD_CONTROLLER/enables_aux_reg[4] cannot be properly analyzed as its control pin tragaperrasInsts_displayce/MOD_CONTROLLER/enables_aux_reg[4]/G is not reached by a timing clock
Related violations: <none>

TIMING-20#6 Warning
Non-clocked latch  
The latch tragaperrasInsts_displayce/MOD_CONTROLLER/enables_aux_reg[5] cannot be properly analyzed as its control pin tragaperrasInsts_displayce/MOD_CONTROLLER/enables_aux_reg[5]/G is not reached by a timing clock
Related violations: <none>

TIMING-20#7 Warning
Non-clocked latch  
The latch tragaperrasInsts_displayce/MOD_CONTROLLER/enables_aux_reg[6] cannot be properly analyzed as its control pin tragaperrasInsts_displayce/MOD_CONTROLLER/enables_aux_reg[6]/G is not reached by a timing clock
Related violations: <none>

LATCH-1#1 Advisory
Existing latches in the design  
There are 7 latches found in the design. Inferred latches are often the result of HDL coding mistakes, such as incomplete if or case statements.
Related violations: <none>


