Release 14.1 Xflow P.15xf (nt64)
Copyright (c) 1995-2012 Xilinx, Inc.  All rights reserved.
xflow.exe -wd implementation -p xc3s1000ft256-5 -implement xflow.opt system.ngc 
 
PMSPEC -- Overriding Xilinx file
<C:/Xilinx/14.1/ISE_DS/EDK/spartan3/data/spartan3.acd> with local file
<C:/Xilinx/14.1/ISE_DS/ISE/spartan3/data/spartan3.acd>

Using Flow File: C:/Users/VUser/Desktop/Practica5SE/implementation/fpga.flw 
Using Option File(s): 
 C:/Users/VUser/Desktop/Practica5SE/implementation/xflow.opt 

Creating Script File ... 

#----------------------------------------------#
# Starting program ngdbuild
# ngdbuild -p xc3s1000ft256-5 -nt timestamp -bm system.bmm
"C:/Users/VUser/Desktop/Practica5SE/implementation/system.ngc" -uc system.ucf
system.ngd 
#----------------------------------------------#
Release 14.1 - ngdbuild P.15xf (nt64)
Copyright (c) 1995-2012 Xilinx, Inc.  All rights reserved.
PMSPEC -- Overriding Xilinx file
<C:/Xilinx/14.1/ISE_DS/EDK/spartan3/data/spartan3.acd> with local file
<C:/Xilinx/14.1/ISE_DS/ISE/spartan3/data/spartan3.acd>

Command Line: C:\Xilinx\14.1\ISE_DS\ISE\bin\nt64\unwrapped\ngdbuild.exe -p
xc3s1000ft256-5 -nt timestamp -bm system.bmm
C:/Users/VUser/Desktop/Practica5SE/implementation/system.ngc -uc system.ucf
system.ngd

Reading NGO file "C:/Users/VUser/Desktop/Practica5SE/implementation/system.ngc"
...
Loading design module
"C:/Users/VUser/Desktop/Practica5SE/implementation/system_microblaze_0_wrapper.n
gc"...
Loading design module
"C:/Users/VUser/Desktop/Practica5SE/implementation/system_plb_v46_0_wrapper.ngc"
...
Loading design module
"C:/Users/VUser/Desktop/Practica5SE/implementation/system_bram_block_0_wrapper.n
gc"...
Loading design module
"C:/Users/VUser/Desktop/Practica5SE/implementation/system_xps_gpio_leds_wrapper.
ngc"...
Loading design module
"C:/Users/VUser/Desktop/Practica5SE/implementation/system_xps_gpio_switches_wrap
per.ngc"...
Loading design module
"C:/Users/VUser/Desktop/Practica5SE/implementation/system_xps_uartlite_0_wrapper
.ngc"...
Loading design module
"C:/Users/VUser/Desktop/Practica5SE/implementation/system_xps_bram_if_cntlr_0_wr
apper.ngc"...
Loading design module
"C:/Users/VUser/Desktop/Practica5SE/implementation/system_pantalla_0_wrapper.ngc
"...
Loading design module
"C:/Users/VUser/Desktop/Practica5SE/implementation/system_pantallalcd_0_wrapper.
ngc"...
Loading design module
"C:/Users/VUser/Desktop/Practica5SE/implementation/system_tecladokeypad_0_wrappe
r.ngc"...
Gathering constraint information from source properties...
Done.

Annotating constraints to design from ucf file "system.ucf" ...
Resolving constraint associations...
Checking Constraint Associations...
Done...

Processing BMM file "system.bmm" ...

Checking expanded design ...
WARNING:NgdBuild:443 - SFF primitive
   'microblaze_0/microblaze_0/MicroBlaze_Core_I/Performance.Decode_I/Using_FPGA.
   Gen_Bits[31].MEM_EX_Result_Inst' has unconnected output pin
WARNING:NgdBuild:443 - SFF primitive
   'microblaze_0/microblaze_0/MicroBlaze_Core_I/Performance.Decode_I/Using_FPGA.
   Gen_Bits[30].MEM_EX_Result_Inst' has unconnected output pin
WARNING:NgdBuild:443 - SFF primitive
   'microblaze_0/microblaze_0/MicroBlaze_Core_I/Performance.Decode_I/Using_FPGA.
   Gen_Bits[29].MEM_EX_Result_Inst' has unconnected output pin
WARNING:NgdBuild:443 - SFF primitive
   'microblaze_0/microblaze_0/MicroBlaze_Core_I/Performance.Decode_I/Using_FPGA.
   Gen_Bits[28].MEM_EX_Result_Inst' has unconnected output pin
WARNING:NgdBuild:443 - SFF primitive
   'microblaze_0/microblaze_0/MicroBlaze_Core_I/Performance.Decode_I/Using_FPGA.
   Gen_Bits[27].MEM_EX_Result_Inst' has unconnected output pin
WARNING:NgdBuild:443 - SFF primitive
   'pantalla_0/pantalla_0/WRPFIFO_TOP_I/USE_BLOCK_RAM.I_DP_CONTROLLER/OMIT_PACKE
   T_FEATURES.I_WRITE_ADDR_CNTR/I_UP_DWN_COUNTER/I_CARRY_OUT' has unconnected
   output pin
WARNING:NgdBuild:443 - SFF primitive
   'pantalla_0/pantalla_0/WRPFIFO_TOP_I/USE_BLOCK_RAM.I_DP_CONTROLLER/OMIT_PACKE
   T_FEATURES.I_READ_ADDR_CNTR/I_UP_DWN_COUNTER/I_CARRY_OUT' has unconnected
   output pin
WARNING:NgdBuild:443 - SFF primitive
   'pantallalcd_0/pantallalcd_0/WRPFIFO_TOP_I/USE_BLOCK_RAM.I_DP_CONTROLLER/OMIT
   _PACKET_FEATURES.I_WRITE_ADDR_CNTR/I_UP_DWN_COUNTER/I_CARRY_OUT' has
   unconnected output pin
WARNING:NgdBuild:443 - SFF primitive
   'pantallalcd_0/pantallalcd_0/WRPFIFO_TOP_I/USE_BLOCK_RAM.I_DP_CONTROLLER/OMIT
   _PACKET_FEATURES.I_READ_ADDR_CNTR/I_UP_DWN_COUNTER/I_CARRY_OUT' has
   unconnected output pin

Partition Implementation Status
-------------------------------

  No Partitions were found in this design.

-------------------------------

NGDBUILD Design Results Summary:
  Number of errors:     0
  Number of warnings:   9

Writing NGD file "system.ngd" ...
Total REAL time to NGDBUILD completion:  12 sec
Total CPU time to NGDBUILD completion:   12 sec

Writing NGDBUILD log file "system.bld"...

NGDBUILD done.



#----------------------------------------------#
# Starting program map
# map -o system_map.ncd -pr b -ol high -timing -detail system.ngd system.pcf 
#----------------------------------------------#
Release 14.1 - Map P.15xf (nt64)
Copyright (c) 1995-2012 Xilinx, Inc.  All rights reserved.
PMSPEC -- Overriding Xilinx file
<C:/Xilinx/14.1/ISE_DS/EDK/data/Xdh_PrimTypeLib.xda> with local file
<C:/Xilinx/14.1/ISE_DS/ISE/data/Xdh_PrimTypeLib.xda>
Using target part "3s1000ft256-5".
vvvvvvvvvvvvvvvvvvvvvvvvvvvvvvvvvvvvvvvvvvvvvvvvvvvvvvvvvvvvvvvvvvvvvv
INFO:Security:50 - The XILINXD_LICENSE_FILE environment variable is set to
'8080@licalu.fdi.ucm.es'.
INFO:Security:53 - The LM_LICENSE_FILE environment variable is not set.
INFO:Security:54 - 'xc3s1000' is a WebPack part.
WARNING:Security:43 - No license file was found in the standard Xilinx license
directory.
WARNING:Security:44 - Since no license file was found,
       please run the Xilinx License Configuration Manager
       (xlcm or "Manage Xilinx Licenses")
       to assist in obtaining a license.
WARNING:Security:42 - Your software subscription period has lapsed. Your current
version of Xilinx tools will continue to function, but you no longer qualify for
Xilinx software updates or new releases.
----------------------------------------------------------------------
Mapping design into LUTs...
Writing file system_map.ngm...
Running directed packing...
Running delay-based LUT packing...
Updating timing models...
Running timing-driven placement...
Total REAL time at the beginning of Placer: 18 secs 
Total CPU  time at the beginning of Placer: 3 secs 

Phase 1.1  Initial Placement Analysis
Phase 1.1  Initial Placement Analysis (Checksum:ce681bbf) REAL time: 18 secs 

Phase 2.7  Design Feasibility Check
INFO:Place:834 - Only a subset of IOs are locked. Out of 54 IOs, 38 are locked
   and 16 are not locked. If you would like to print the names of these IOs,
   please set the environment variable XIL_PAR_DESIGN_CHECK_VERBOSE to 1. 
Phase 2.7  Design Feasibility Check (Checksum:ce681bbf) REAL time: 18 secs 

Phase 3.31  Local Placement Optimization
Phase 3.31  Local Placement Optimization (Checksum:ce681bbf) REAL time: 18 secs 

Phase 4.2  Initial Clock and IO Placement
....
Phase 4.2  Initial Clock and IO Placement (Checksum:21a8e04e) REAL time: 19 secs 

Phase 5.36  Local Placement Optimization
Phase 5.36  Local Placement Optimization (Checksum:21a8e04e) REAL time: 19 secs 

Phase 6.3  Local Placement Optimization
....
Phase 6.3  Local Placement Optimization (Checksum:99cf0808) REAL time: 20 secs 

Phase 7.5  Local Placement Optimization
Phase 7.5  Local Placement Optimization (Checksum:99cf0808) REAL time: 20 secs 

Phase 8.4  Local Placement Optimization
.................................
.....................
Phase 8.4  Local Placement Optimization (Checksum:99cf0808) REAL time: 21 secs 

Phase 9.28  Local Placement Optimization
Phase 9.28  Local Placement Optimization (Checksum:99cf0808) REAL time: 21 secs 

Phase 10.8  Global Placement
...............................
..................
...........
......
Phase 10.8  Global Placement (Checksum:3e2386cb) REAL time: 23 secs 

Phase 11.29  Local Placement Optimization
Phase 11.29  Local Placement Optimization (Checksum:3e2386cb) REAL time: 23 secs 

Phase 12.5  Local Placement Optimization
Phase 12.5  Local Placement Optimization (Checksum:3e2386cb) REAL time: 23 secs 

Phase 13.18  Placement Optimization
Phase 13.18  Placement Optimization (Checksum:1b99a8a7) REAL time: 27 secs 

Phase 14.5  Local Placement Optimization
Phase 14.5  Local Placement Optimization (Checksum:1b99a8a7) REAL time: 27 secs 

Total REAL time to Placer completion: 27 secs 
Total CPU  time to Placer completion: 13 secs 
Running post-placement packing...

Design Summary:
Number of errors:      0
Number of warnings:    0
Logic Utilization:
  Number of Slice Flip Flops:         1,884 out of  15,360   12%
  Number of 4 input LUTs:             3,062 out of  15,360   19%
Logic Distribution:
  Number of occupied Slices:          2,095 out of   7,680   27%
    Number of Slices containing only related logic:   2,095 out of   2,095 100%
    Number of Slices containing unrelated logic:          0 out of   2,095   0%
      *See NOTES below for an explanation of the effects of unrelated logic.
  Total Number of 4 input LUTs:       3,157 out of  15,360   20%
    Number used as logic:             2,560
    Number used as a route-thru:         95
    Number used for Dual Port RAMs:     402
      (Two LUTs used per Dual Port RAM)
    Number used as Shift registers:     100

  The Slice Logic Distribution report is not meaningful if the design is
  over-mapped for a non-slice resource or if Placement fails.

  Number of bonded IOBs:                 54 out of     173   31%
    IOB Flip Flops:                      25
  Number of RAMB16s:                     18 out of      24   75%
  Number of MULT18X18s:                   3 out of      24   12%
  Number of BUFGMUXs:                     3 out of       8   37%

Average Fanout of Non-Clock Nets:                3.85

Peak Memory Usage:  376 MB
Total REAL time to MAP completion:  28 secs 
Total CPU time to MAP completion:   14 secs 

Mapping completed.
See MAP report file "system_map.mrp" for details.



#----------------------------------------------#
# Starting program par
# par -w -ol high system_map.ncd system.ncd system.pcf 
#----------------------------------------------#
Release 14.1 - par P.15xf (nt64)
Copyright (c) 1995-2012 Xilinx, Inc.  All rights reserved.
PMSPEC -- Overriding Xilinx file <C:/Xilinx/14.1/ISE_DS/EDK/data/parBmgr.acd> with local file
<C:/Xilinx/14.1/ISE_DS/ISE/data/parBmgr.acd>



Constraints file: system.pcf.
Loading device for application Rf_Device from file '3s1000.nph' in environment
C:\Xilinx\14.1\ISE_DS\ISE\;C:\Xilinx\14.1\ISE_DS\EDK.
   "system" is an NCD, version 3.2, device xc3s1000, package ft256, speed -5
vvvvvvvvvvvvvvvvvvvvvvvvvvvvvvvvvvvvvvvvvvvvvvvvvvvvvvvvvvvvvvvvvvvvvv
INFO:Security:50 - The XILINXD_LICENSE_FILE environment variable is set to '8080@licalu.fdi.ucm.es'.
INFO:Security:53 - The LM_LICENSE_FILE environment variable is not set.
INFO:Security:54 - 'xc3s1000' is a WebPack part.
WARNING:Security:43 - No license file was found in the standard Xilinx license directory.
WARNING:Security:44 - Since no license file was found,
       please run the Xilinx License Configuration Manager
       (xlcm or "Manage Xilinx Licenses")
       to assist in obtaining a license.
WARNING:Security:42 - Your software subscription period has lapsed. Your current version of Xilinx tools will continue
to function, but you no longer qualify for Xilinx software updates or new releases.

----------------------------------------------------------------------

Initializing temperature to 85.000 Celsius. (default - Range: 0.000 to 85.000 Celsius)
Initializing voltage to 1.140 Volts. (default - Range: 1.140 to 1.260 Volts)


Device speed data version:  "PRODUCTION 1.39 2012-04-23".



Device Utilization Summary:

   Number of BUFGMUXs                        3 out of 8      37%
   Number of External IOBs                  54 out of 173    31%
      Number of LOCed IOBs                  38 out of 54     70%

   Number of MULT18X18s                      3 out of 24     12%
   Number of RAMB16s                        18 out of 24     75%
   Number of Slices                       2095 out of 7680   27%
      Number of SLICEMs                    261 out of 3840    6%



Overall effort level (-ol):   High 
Router effort level (-rl):    High 

Starting initial Timing Analysis.  REAL time: 16 secs 
Finished initial Timing Analysis.  REAL time: 16 secs 

WARNING:Par:288 - The signal xps_bram_if_cntlr_0_PORTA_BRAM_Addr<0> has no load.  PAR will not attempt to route this
   signal.
WARNING:Par:288 - The signal xps_bram_if_cntlr_0_PORTA_BRAM_Addr<1> has no load.  PAR will not attempt to route this
   signal.
WARNING:Par:288 - The signal xps_bram_if_cntlr_0_PORTA_BRAM_Addr<2> has no load.  PAR will not attempt to route this
   signal.
WARNING:Par:288 - The signal xps_bram_if_cntlr_0_PORTA_BRAM_Addr<3> has no load.  PAR will not attempt to route this
   signal.
WARNING:Par:288 - The signal xps_bram_if_cntlr_0_PORTA_BRAM_Addr<4> has no load.  PAR will not attempt to route this
   signal.
WARNING:Par:288 - The signal xps_bram_if_cntlr_0_PORTA_BRAM_Addr<5> has no load.  PAR will not attempt to route this
   signal.
WARNING:Par:288 - The signal xps_bram_if_cntlr_0_PORTA_BRAM_Addr<6> has no load.  PAR will not attempt to route this
   signal.
WARNING:Par:288 - The signal xps_bram_if_cntlr_0_PORTA_BRAM_Addr<7> has no load.  PAR will not attempt to route this
   signal.
WARNING:Par:288 - The signal xps_bram_if_cntlr_0_PORTA_BRAM_Addr<8> has no load.  PAR will not attempt to route this
   signal.
WARNING:Par:288 - The signal xps_bram_if_cntlr_0_PORTA_BRAM_Addr<9> has no load.  PAR will not attempt to route this
   signal.
WARNING:Par:288 - The signal xps_bram_if_cntlr_0_PORTA_BRAM_Addr<10> has no load.  PAR will not attempt to route this
   signal.
WARNING:Par:288 - The signal xps_bram_if_cntlr_0_PORTA_BRAM_Addr<11> has no load.  PAR will not attempt to route this
   signal.
WARNING:Par:288 - The signal xps_bram_if_cntlr_0_PORTA_BRAM_Addr<12> has no load.  PAR will not attempt to route this
   signal.
WARNING:Par:288 - The signal xps_bram_if_cntlr_0_PORTA_BRAM_Addr<13> has no load.  PAR will not attempt to route this
   signal.
WARNING:Par:288 - The signal xps_bram_if_cntlr_0_PORTA_BRAM_Addr<14> has no load.  PAR will not attempt to route this
   signal.
WARNING:Par:288 - The signal xps_bram_if_cntlr_0_PORTA_BRAM_Addr<15> has no load.  PAR will not attempt to route this
   signal.
WARNING:Par:288 - The signal xps_bram_if_cntlr_0_PORTA_BRAM_Addr<16> has no load.  PAR will not attempt to route this
   signal.
WARNING:Par:288 - The signal xps_bram_if_cntlr_0_PORTA_BRAM_Addr<30> has no load.  PAR will not attempt to route this
   signal.
WARNING:Par:288 - The signal xps_bram_if_cntlr_0_PORTA_BRAM_Addr<31> has no load.  PAR will not attempt to route this
   signal.
WARNING:Par:288 - The signal bram_block_0/BRAM_Din_B<0> has no load.  PAR will not attempt to route this signal.
WARNING:Par:288 - The signal bram_block_0/BRAM_Din_B<1> has no load.  PAR will not attempt to route this signal.
WARNING:Par:288 - The signal bram_block_0/BRAM_Din_B<2> has no load.  PAR will not attempt to route this signal.
WARNING:Par:288 - The signal bram_block_0/BRAM_Din_B<3> has no load.  PAR will not attempt to route this signal.
WARNING:Par:288 - The signal bram_block_0/BRAM_Din_B<4> has no load.  PAR will not attempt to route this signal.
WARNING:Par:288 - The signal bram_block_0/BRAM_Din_B<5> has no load.  PAR will not attempt to route this signal.
WARNING:Par:288 - The signal bram_block_0/BRAM_Din_B<6> has no load.  PAR will not attempt to route this signal.
WARNING:Par:288 - The signal bram_block_0/BRAM_Din_B<7> has no load.  PAR will not attempt to route this signal.
WARNING:Par:288 - The signal bram_block_0/BRAM_Din_B<8> has no load.  PAR will not attempt to route this signal.
WARNING:Par:288 - The signal bram_block_0/BRAM_Din_B<9> has no load.  PAR will not attempt to route this signal.
WARNING:Par:288 - The signal bram_block_0/BRAM_Din_B<10> has no load.  PAR will not attempt to route this signal.
WARNING:Par:288 - The signal bram_block_0/BRAM_Din_B<11> has no load.  PAR will not attempt to route this signal.
WARNING:Par:288 - The signal bram_block_0/BRAM_Din_B<12> has no load.  PAR will not attempt to route this signal.
WARNING:Par:288 - The signal bram_block_0/BRAM_Din_B<13> has no load.  PAR will not attempt to route this signal.
WARNING:Par:288 - The signal bram_block_0/BRAM_Din_B<14> has no load.  PAR will not attempt to route this signal.
WARNING:Par:288 - The signal bram_block_0/BRAM_Din_B<15> has no load.  PAR will not attempt to route this signal.
WARNING:Par:288 - The signal bram_block_0/BRAM_Din_B<16> has no load.  PAR will not attempt to route this signal.
WARNING:Par:288 - The signal bram_block_0/BRAM_Din_B<17> has no load.  PAR will not attempt to route this signal.
WARNING:Par:288 - The signal bram_block_0/BRAM_Din_B<18> has no load.  PAR will not attempt to route this signal.
WARNING:Par:288 - The signal bram_block_0/BRAM_Din_B<19> has no load.  PAR will not attempt to route this signal.
WARNING:Par:288 - The signal bram_block_0/BRAM_Din_B<20> has no load.  PAR will not attempt to route this signal.
WARNING:Par:288 - The signal bram_block_0/BRAM_Din_B<21> has no load.  PAR will not attempt to route this signal.
WARNING:Par:288 - The signal bram_block_0/BRAM_Din_B<22> has no load.  PAR will not attempt to route this signal.
WARNING:Par:288 - The signal bram_block_0/BRAM_Din_B<23> has no load.  PAR will not attempt to route this signal.
WARNING:Par:288 - The signal bram_block_0/BRAM_Din_B<24> has no load.  PAR will not attempt to route this signal.
WARNING:Par:288 - The signal bram_block_0/BRAM_Din_B<25> has no load.  PAR will not attempt to route this signal.
WARNING:Par:288 - The signal bram_block_0/BRAM_Din_B<26> has no load.  PAR will not attempt to route this signal.
WARNING:Par:288 - The signal bram_block_0/BRAM_Din_B<27> has no load.  PAR will not attempt to route this signal.
WARNING:Par:288 - The signal bram_block_0/BRAM_Din_B<28> has no load.  PAR will not attempt to route this signal.
WARNING:Par:288 - The signal bram_block_0/BRAM_Din_B<29> has no load.  PAR will not attempt to route this signal.
WARNING:Par:288 - The signal bram_block_0/BRAM_Din_B<30> has no load.  PAR will not attempt to route this signal.
WARNING:Par:288 - The signal bram_block_0/BRAM_Din_B<31> has no load.  PAR will not attempt to route this signal.
Starting Router


Phase  1  : 17256 unrouted;      REAL time: 18 secs 

Phase  2  : 15113 unrouted;      REAL time: 18 secs 

Phase  3  : 4523 unrouted;      REAL time: 19 secs 

Phase  4  : 4523 unrouted; (Setup:0, Hold:0, Component Switching Limit:0)     REAL time: 20 secs 

Phase  5  : 0 unrouted; (Setup:0, Hold:0, Component Switching Limit:0)     REAL time: 23 secs 

Updating file: system.ncd with current fully routed design.

Phase  6  : 0 unrouted; (Setup:0, Hold:0, Component Switching Limit:0)     REAL time: 24 secs 

Phase  7  : 0 unrouted; (Setup:0, Hold:0, Component Switching Limit:0)     REAL time: 24 secs 

Phase  8  : 0 unrouted; (Setup:0, Hold:0, Component Switching Limit:0)     REAL time: 25 secs 
WARNING:Route:455 - CLK Net:pantalla_0_hsyncb_pin_OBUF may have excessive skew because 
      0 CLK pins and 1 NON_CLK pins failed to route using a CLK template.

Total REAL time to Router completion: 25 secs 
Total CPU time to Router completion: 9 secs 

Partition Implementation Status
-------------------------------

  No Partitions were found in this design.

-------------------------------

Generating "PAR" statistics.

**************************
Generating Clock Report
**************************

+---------------------+--------------+------+------+------------+-------------+
|        Clock Net    |   Resource   |Locked|Fanout|Net Skew(ns)|Max Delay(ns)|
+---------------------+--------------+------+------+------------+-------------+
|       Clk_pin_BUFGP |      BUFGMUX3| No   | 1633 |  0.431     |  1.045      |
+---------------------+--------------+------+------+------------+-------------+
|pantalla_0/pantalla_ |              |      |      |            |             |
|0/USER_LOGIC_I/clock |              |      |      |            |             |
|                     |      BUFGMUX4| No   |   82 |  0.302     |  0.974      |
+---------------------+--------------+------+------+------------+-------------+
|tecladokeypad_0/tecl |              |      |      |            |             |
|adokeypad_0/USER_LOG |              |      |      |            |             |
|        IC_I/reloj12 |      BUFGMUX7| No   |   24 |  0.257     |  0.927      |
+---------------------+--------------+------+------+------------+-------------+
|pantalla_0_hsyncb_pi |              |      |      |            |             |
|              n_OBUF |         Local|      |    7 |  0.296     |  2.753      |
+---------------------+--------------+------+------+------------+-------------+

* Net Skew is the difference between the minimum and maximum routing
only delays for the net. Note this is different from Clock Skew which
is reported in TRCE timing report. Clock Skew is the difference between
the minimum and maximum path delays which includes logic delays.

* The fanout is the number of component pins not the individual BEL loads,
for example SLICE loads not FF loads.

Timing Score: 0 (Setup: 0, Hold: 0, Component Switching Limit: 0)

Asterisk (*) preceding a constraint indicates it was not met.
   This may be due to a setup or hold violation.

----------------------------------------------------------------------------------------------------------
  Constraint                                |    Check    | Worst Case |  Best Case | Timing |   Timing   
                                            |             |    Slack   | Achievable | Errors |    Score   
----------------------------------------------------------------------------------------------------------
  TS_Clk_pin = PERIOD TIMEGRP "Clk_pin" 20  | SETUP       |     6.961ns|    13.039ns|       0|           0
  ns HIGH 50%                               | HOLD        |     0.678ns|            |       0|           0
----------------------------------------------------------------------------------------------------------


All constraints were met.


Generating Pad Report.

All signals are completely routed.

WARNING:Par:283 - There are 51 loadless signals in this design. This design will cause Bitgen to issue DRC warnings.

Total REAL time to PAR completion: 25 secs 
Total CPU time to PAR completion: 10 secs 

Peak Memory Usage:  328 MB

Placer: Placement generated during map.
Routing: Completed - No errors found.
Timing: Completed - No errors found.

Number of error messages: 0
Number of warning messages: 54
Number of info messages: 0

Writing design to file system.ncd



PAR done!



#----------------------------------------------#
# Starting program post_par_trce
# trce -e 3 -xml system.twx system.ncd system.pcf 
#----------------------------------------------#
Release 14.1 - Trace  (nt64)
Copyright (c) 1995-2012 Xilinx, Inc.  All rights reserved.


PMSPEC -- Overriding Xilinx file
<C:/Xilinx/14.1/ISE_DS/EDK/spartan3/data/spartan3.acd> with local file
<C:/Xilinx/14.1/ISE_DS/ISE/spartan3/data/spartan3.acd>
Loading device for application Rf_Device from file '3s1000.nph' in environment
C:\Xilinx\14.1\ISE_DS\ISE\;C:\Xilinx\14.1\ISE_DS\EDK.
   "system" is an NCD, version 3.2, device xc3s1000, package ft256, speed -5
--------------------------------------------------------------------------------
Release 14.1 Trace  (nt64)
Copyright (c) 1995-2012 Xilinx, Inc.  All rights reserved.

C:\Xilinx\14.1\ISE_DS\ISE\bin\nt64\unwrapped\trce.exe -e 3 -xml system.twx
system.ncd system.pcf


Design file:              system.ncd
Physical constraint file: system.pcf
Device,speed:             xc3s1000,-5 (PRODUCTION 1.39 2012-04-23)
Report level:             error report
--------------------------------------------------------------------------------

INFO:Timing:3412 - To improve timing, see the Timing Closure User Guide (UG612).
INFO:Timing:2752 - To get complete path coverage, use the unconstrained paths
   option. All paths that are not constrained will be reported in the
   unconstrained paths section(s) of the report.
INFO:Timing:3339 - The clock-to-out numbers in this timing report are based on a
   50 Ohm transmission line loading model.  For the details of this model, and
   for more information on accounting for different loading conditions, please
   see the device datasheet.
INFO:Timing:3390 - This architecture does not support a default System Jitter
   value, please add SYSTEM_JITTER constraint to the UCF to modify the Clock
   Uncertainty calculation.
INFO:Timing:3389 - This architecture does not support 'Discrete Jitter' and
   'Phase Error' calculations, these terms will be zero in the Clock Uncertainty
   calculation.  Please make appropriate modification to SYSTEM_JITTER to
   account for the unsupported Discrete Jitter and Phase Error.


Timing summary:
---------------

Timing errors: 0  Score: 0 (Setup/Max: 0, Hold: 0)

Constraints cover 343090 paths, 0 nets, and 15152 connections

Design statistics:
   Minimum period:  13.039ns (Maximum frequency:  76.693MHz)


Analysis completed Tue Dec 19 12:18:18 2023
--------------------------------------------------------------------------------

Generating Report ...

Number of warnings: 0
Number of info messages: 5
Total time: 2 secs 


