   1              		.cpu arm7tdmi
   2              		.fpu softvfp
   3              		.eabi_attribute 20, 1
   4              		.eabi_attribute 21, 1
   5              		.eabi_attribute 23, 3
   6              		.eabi_attribute 24, 1
   7              		.eabi_attribute 25, 1
   8              		.eabi_attribute 26, 1
   9              		.eabi_attribute 30, 6
  10              		.eabi_attribute 18, 4
  11              		.file	"iis.c"
  21              	.Ltext0:
  22              		.file 1 "../src/iis.c"
 1917              	iomode:
 1918 0000 00       		.space	1
 1919              		.text
 1920              		.align	2
 1921              		.global	iis_init
 1923              	iis_init:
 1924              	.LFB0:
   1:../src/iis.c  **** 
   2:../src/iis.c  **** #include <s3c44b0x.h>
   3:../src/iis.c  **** #include <s3cev40.h>
   4:../src/iis.c  **** #include <iis.h>
   5:../src/iis.c  **** #include <dma.h>
   6:../src/iis.c  **** 
   7:../src/iis.c  **** static void isr_bdma0( void ) __attribute__ ((interrupt ("IRQ")));
   8:../src/iis.c  **** 
   9:../src/iis.c  **** static uint8 iomode;
  10:../src/iis.c  **** 
  11:../src/iis.c  **** void iis_init( uint8 mode )
  12:../src/iis.c  **** {
 1925              		.loc 1 12 0
 1926              		.cfi_startproc
 1927              		@ Function supports interworking.
 1928              		@ args = 0, pretend = 0, frame = 8
 1929              		@ frame_needed = 1, uses_anonymous_args = 0
 1930 0000 0DC0A0E1 		mov	ip, sp
 1931              	.LCFI0:
 1932              		.cfi_def_cfa_register 12
 1933 0004 00D82DE9 		stmfd	sp!, {fp, ip, lr, pc}
 1934 0008 04B04CE2 		sub	fp, ip, #4
 1935              		.cfi_offset 14, -8
 1936              		.cfi_offset 13, -12
 1937              		.cfi_offset 11, -16
 1938              	.LCFI1:
 1939              		.cfi_def_cfa 11, 4
 1940 000c 08D04DE2 		sub	sp, sp, #8
 1941 0010 0030A0E1 		mov	r3, r0
 1942 0014 0D304BE5 		strb	r3, [fp, #-13]
  13:../src/iis.c  ****     iomode = mode;
 1943              		.loc 1 13 0
 1944 0018 9C309FE5 		ldr	r3, .L4
 1945 001c 0D205BE5 		ldrb	r2, [fp, #-13]
 1946 0020 0020C3E5 		strb	r2, [r3, #0]
  14:../src/iis.c  **** 
  15:../src/iis.c  ****     if( iomode == IIS_POLLING )
 1947              		.loc 1 15 0
 1948 0024 90309FE5 		ldr	r3, .L4
 1949 0028 0030D3E5 		ldrb	r3, [r3, #0]	@ zero_extendqisi2
 1950 002c 020053E3 		cmp	r3, #2
 1951 0030 0B00001A 		bne	.L2
  16:../src/iis.c  ****     {
  17:../src/iis.c  ****         IISPSR  = 0x77;
 1952              		.loc 1 17 0
 1953 0034 84309FE5 		ldr	r3, .L4+4
 1954 0038 7720A0E3 		mov	r2, #119
 1955 003c 002083E5 		str	r2, [r3, #0]
  18:../src/iis.c  ****         IISMOD  = 0xC9;
 1956              		.loc 1 18 0
 1957 0040 7C309FE5 		ldr	r3, .L4+8
 1958 0044 C920A0E3 		mov	r2, #201
 1959 0048 002083E5 		str	r2, [r3, #0]
  19:../src/iis.c  ****         IISFCON = (3<<8);
 1960              		.loc 1 19 0
 1961 004c 74309FE5 		ldr	r3, .L4+12
 1962 0050 032CA0E3 		mov	r2, #768
 1963 0054 002083E5 		str	r2, [r3, #0]
  20:../src/iis.c  ****         IISCON  = 3;
 1964              		.loc 1 20 0
 1965 0058 6C309FE5 		ldr	r3, .L4+16
 1966 005c 0320A0E3 		mov	r2, #3
 1967 0060 002083E5 		str	r2, [r3, #0]
 1968              	.L2:
  21:../src/iis.c  ****     }
  22:../src/iis.c  ****     if( iomode == IIS_DMA )
 1969              		.loc 1 22 0
 1970 0064 50309FE5 		ldr	r3, .L4
 1971 0068 0030D3E5 		ldrb	r3, [r3, #0]	@ zero_extendqisi2
 1972 006c 010053E3 		cmp	r3, #1
 1973 0070 0E00001A 		bne	.L1
  23:../src/iis.c  ****     {
  24:../src/iis.c  ****         IISPSR  = 0x77;
 1974              		.loc 1 24 0
 1975 0074 44309FE5 		ldr	r3, .L4+4
 1976 0078 7720A0E3 		mov	r2, #119
 1977 007c 002083E5 		str	r2, [r3, #0]
  25:../src/iis.c  ****         IISMOD  = 0x9;
 1978              		.loc 1 25 0
 1979 0080 3C309FE5 		ldr	r3, .L4+8
 1980 0084 0920A0E3 		mov	r2, #9
 1981 0088 002083E5 		str	r2, [r3, #0]
  26:../src/iis.c  ****         IISFCON = 0xF00;
 1982              		.loc 1 26 0
 1983 008c 34309FE5 		ldr	r3, .L4+12
 1984 0090 0F2CA0E3 		mov	r2, #3840
 1985 0094 002083E5 		str	r2, [r3, #0]
  27:../src/iis.c  ****         IISCON  = 0x32;
 1986              		.loc 1 27 0
 1987 0098 2C309FE5 		ldr	r3, .L4+16
 1988 009c 3220A0E3 		mov	r2, #50
 1989 00a0 002083E5 		str	r2, [r3, #0]
  28:../src/iis.c  ****         bdma0_init();
 1990              		.loc 1 28 0
 1991 00a4 FEFFFFEB 		bl	bdma0_init
  29:../src/iis.c  ****         bdma0_open( isr_bdma0 );
 1992              		.loc 1 29 0
 1993 00a8 20009FE5 		ldr	r0, .L4+20
 1994 00ac FEFFFFEB 		bl	bdma0_open
 1995              	.L1:
  30:../src/iis.c  ****     }
  31:../src/iis.c  **** }
 1996              		.loc 1 31 0
 1997 00b0 0CD04BE2 		sub	sp, fp, #12
 1998 00b4 00689DE8 		ldmfd	sp, {fp, sp, lr}
 1999 00b8 1EFF2FE1 		bx	lr
 2000              	.L5:
 2001              		.align	2
 2002              	.L4:
 2003 00bc 00000000 		.word	iomode
 2004 00c0 0880D101 		.word	30507016
 2005 00c4 0480D101 		.word	30507012
 2006 00c8 0C80D101 		.word	30507020
 2007 00cc 0080D101 		.word	30507008
 2008 00d0 00000000 		.word	isr_bdma0
 2009              		.cfi_endproc
 2010              	.LFE0:
 2012              		.align	2
 2014              	isr_bdma0:
 2015              	.LFB1:
  32:../src/iis.c  **** 
  33:../src/iis.c  **** static void isr_bdma0( void )
  34:../src/iis.c  **** {
 2016              		.loc 1 34 0
 2017              		.cfi_startproc
 2018              		@ Interrupt Service Routine.
 2019              		@ args = 0, pretend = 0, frame = 0
 2020              		@ frame_needed = 1, uses_anonymous_args = 0
 2021 00d4 04C02DE5 		str	ip, [sp, #-4]!
 2022 00d8 0DC0A0E1 		mov	ip, sp
 2023              	.LCFI2:
 2024              		.cfi_def_cfa_register 12
 2025 00dc 0CD82DE9 		stmfd	sp!, {r2, r3, fp, ip, lr, pc}
 2026 00e0 04B04CE2 		sub	fp, ip, #4
 2027              		.cfi_offset 14, -8
 2028              		.cfi_offset 13, -12
 2029              		.cfi_offset 11, -16
 2030              		.cfi_offset 3, -20
 2031              		.cfi_offset 2, -24
 2032              	.LCFI3:
 2033              		.cfi_def_cfa 11, 4
  35:../src/iis.c  ****     IISCON &= ~1;
 2034              		.loc 1 35 0
 2035 00e4 28309FE5 		ldr	r3, .L7
 2036 00e8 24209FE5 		ldr	r2, .L7
 2037 00ec 002092E5 		ldr	r2, [r2, #0]
 2038 00f0 0120C2E3 		bic	r2, r2, #1
 2039 00f4 002083E5 		str	r2, [r3, #0]
  36:../src/iis.c  ****     I_ISPC = BIT_BDMA0; 
 2040              		.loc 1 36 0
 2041 00f8 18309FE5 		ldr	r3, .L7+4
 2042 00fc 0228A0E3 		mov	r2, #131072
 2043 0100 002083E5 		str	r2, [r3, #0]
  37:../src/iis.c  **** }
 2044              		.loc 1 37 0
 2045 0104 14D04BE2 		sub	sp, fp, #20
 2046 0108 0C689DE8 		ldmfd	sp, {r2, r3, fp, sp, lr}
 2047 010c 04C09DE4 		ldmfd	sp!, {ip}
 2048 0110 04F05EE2 		subs	pc, lr, #4
 2049              	.L8:
 2050              		.align	2
 2051              	.L7:
 2052 0114 0080D101 		.word	30507008
 2053 0118 2400E001 		.word	31457316
 2054              		.cfi_endproc
 2055              	.LFE1:
 2057              		.align	2
 2058              		.global	iis_putSample
 2060              	iis_putSample:
 2061              	.LFB2:
  38:../src/iis.c  **** 
  39:../src/iis.c  **** 
  40:../src/iis.c  **** inline void iis_putSample( int16 ch0, int16 ch1 )
  41:../src/iis.c  **** {
 2062              		.loc 1 41 0
 2063              		.cfi_startproc
 2064              		@ Function supports interworking.
 2065              		@ args = 0, pretend = 0, frame = 8
 2066              		@ frame_needed = 1, uses_anonymous_args = 0
 2067 011c 0DC0A0E1 		mov	ip, sp
 2068              	.LCFI4:
 2069              		.cfi_def_cfa_register 12
 2070 0120 00D82DE9 		stmfd	sp!, {fp, ip, lr, pc}
 2071 0124 04B04CE2 		sub	fp, ip, #4
 2072              		.cfi_offset 14, -8
 2073              		.cfi_offset 13, -12
 2074              		.cfi_offset 11, -16
 2075              	.LCFI5:
 2076              		.cfi_def_cfa 11, 4
 2077 0128 08D04DE2 		sub	sp, sp, #8
 2078 012c 0020A0E1 		mov	r2, r0
 2079 0130 0130A0E1 		mov	r3, r1
 2080 0134 BE204BE1 		strh	r2, [fp, #-14]	@ movhi
 2081 0138 B0314BE1 		strh	r3, [fp, #-16]	@ movhi
  42:../src/iis.c  ****     while(((IISFCON & 0xf0) >>4 ) >6 );
 2082              		.loc 1 42 0
 2083 013c 0000A0E1 		mov	r0, r0	@ nop
 2084              	.L10:
 2085              		.loc 1 42 0 is_stmt 0 discriminator 1
 2086 0140 34309FE5 		ldr	r3, .L11
 2087 0144 003093E5 		ldr	r3, [r3, #0]
 2088 0148 F03003E2 		and	r3, r3, #240
 2089 014c 2332A0E1 		mov	r3, r3, lsr #4
 2090 0150 060053E3 		cmp	r3, #6
 2091 0154 F9FFFF8A 		bhi	.L10
  43:../src/iis.c  ****     IISFIF = ch0;
 2092              		.loc 1 43 0 is_stmt 1
 2093 0158 20309FE5 		ldr	r3, .L11+4
 2094 015c FE205BE1 		ldrsh	r2, [fp, #-14]
 2095 0160 002083E5 		str	r2, [r3, #0]
  44:../src/iis.c  ****     IISFIF = ch1;
 2096              		.loc 1 44 0
 2097 0164 14309FE5 		ldr	r3, .L11+4
 2098 0168 F0215BE1 		ldrsh	r2, [fp, #-16]
 2099 016c 002083E5 		str	r2, [r3, #0]
  45:../src/iis.c  **** }
 2100              		.loc 1 45 0
 2101 0170 0CD04BE2 		sub	sp, fp, #12
 2102 0174 00689DE8 		ldmfd	sp, {fp, sp, lr}
 2103 0178 1EFF2FE1 		bx	lr
 2104              	.L12:
 2105              		.align	2
 2106              	.L11:
 2107 017c 0C80D101 		.word	30507020
 2108 0180 1080D101 		.word	30507024
 2109              		.cfi_endproc
 2110              	.LFE2:
 2112              		.align	2
 2113              		.global	iis_getSample
 2115              	iis_getSample:
 2116              	.LFB3:
  46:../src/iis.c  **** 
  47:../src/iis.c  **** inline void iis_getSample( int16 *ch0, int16 *ch1 )
  48:../src/iis.c  **** {
 2117              		.loc 1 48 0
 2118              		.cfi_startproc
 2119              		@ Function supports interworking.
 2120              		@ args = 0, pretend = 0, frame = 8
 2121              		@ frame_needed = 1, uses_anonymous_args = 0
 2122 0184 0DC0A0E1 		mov	ip, sp
 2123              	.LCFI6:
 2124              		.cfi_def_cfa_register 12
 2125 0188 00D82DE9 		stmfd	sp!, {fp, ip, lr, pc}
 2126 018c 04B04CE2 		sub	fp, ip, #4
 2127              		.cfi_offset 14, -8
 2128              		.cfi_offset 13, -12
 2129              		.cfi_offset 11, -16
 2130              	.LCFI7:
 2131              		.cfi_def_cfa 11, 4
 2132 0190 08D04DE2 		sub	sp, sp, #8
 2133 0194 10000BE5 		str	r0, [fp, #-16]
 2134 0198 14100BE5 		str	r1, [fp, #-20]
  49:../src/iis.c  **** 	while ((IISFCON & 0xf) < 2);
 2135              		.loc 1 49 0
 2136 019c 0000A0E1 		mov	r0, r0	@ nop
 2137              	.L14:
 2138              		.loc 1 49 0 is_stmt 0 discriminator 1
 2139 01a0 48309FE5 		ldr	r3, .L15
 2140 01a4 003093E5 		ldr	r3, [r3, #0]
 2141 01a8 0F3003E2 		and	r3, r3, #15
 2142 01ac 010053E3 		cmp	r3, #1
 2143 01b0 FAFFFF9A 		bls	.L14
  50:../src/iis.c  ****     *ch0= IISFIF;
 2144              		.loc 1 50 0 is_stmt 1
 2145 01b4 38309FE5 		ldr	r3, .L15+4
 2146 01b8 003093E5 		ldr	r3, [r3, #0]
 2147 01bc 0338A0E1 		mov	r3, r3, asl #16
 2148 01c0 2328A0E1 		mov	r2, r3, lsr #16
 2149 01c4 10301BE5 		ldr	r3, [fp, #-16]
 2150 01c8 B020C3E1 		strh	r2, [r3, #0]	@ movhi
  51:../src/iis.c  ****     *ch1= IISFIF;
 2151              		.loc 1 51 0
 2152 01cc 20309FE5 		ldr	r3, .L15+4
 2153 01d0 003093E5 		ldr	r3, [r3, #0]
 2154 01d4 0338A0E1 		mov	r3, r3, asl #16
 2155 01d8 2328A0E1 		mov	r2, r3, lsr #16
 2156 01dc 14301BE5 		ldr	r3, [fp, #-20]
 2157 01e0 B020C3E1 		strh	r2, [r3, #0]	@ movhi
  52:../src/iis.c  **** }
 2158              		.loc 1 52 0
 2159 01e4 0CD04BE2 		sub	sp, fp, #12
 2160 01e8 00689DE8 		ldmfd	sp, {fp, sp, lr}
 2161 01ec 1EFF2FE1 		bx	lr
 2162              	.L16:
 2163              		.align	2
 2164              	.L15:
 2165 01f0 0C80D101 		.word	30507020
 2166 01f4 1080D101 		.word	30507024
 2167              		.cfi_endproc
 2168              	.LFE3:
 2170              		.align	2
 2171              		.global	iis_play
 2173              	iis_play:
 2174              	.LFB4:
  53:../src/iis.c  **** 
  54:../src/iis.c  **** void iis_play( int16 *buffer, uint32 length, uint8 loop )
  55:../src/iis.c  **** {
 2175              		.loc 1 55 0
 2176              		.cfi_startproc
 2177              		@ Function supports interworking.
 2178              		@ args = 0, pretend = 0, frame = 24
 2179              		@ frame_needed = 1, uses_anonymous_args = 0
 2180 01f8 0DC0A0E1 		mov	ip, sp
 2181              	.LCFI8:
 2182              		.cfi_def_cfa_register 12
 2183 01fc 00D82DE9 		stmfd	sp!, {fp, ip, lr, pc}
 2184 0200 04B04CE2 		sub	fp, ip, #4
 2185              		.cfi_offset 14, -8
 2186              		.cfi_offset 13, -12
 2187              		.cfi_offset 11, -16
 2188              	.LCFI9:
 2189              		.cfi_def_cfa 11, 4
 2190 0204 18D04DE2 		sub	sp, sp, #24
 2191 0208 18000BE5 		str	r0, [fp, #-24]
 2192 020c 1C100BE5 		str	r1, [fp, #-28]
 2193 0210 0230A0E1 		mov	r3, r2
 2194 0214 1D304BE5 		strb	r3, [fp, #-29]
  56:../src/iis.c  ****     uint32 i;
  57:../src/iis.c  ****     int16 ch1, ch2;
  58:../src/iis.c  **** 
  59:../src/iis.c  ****     if( iomode == IIS_POLLING )
 2195              		.loc 1 59 0
 2196 0218 98319FE5 		ldr	r3, .L25
 2197 021c 0030D3E5 		ldrb	r3, [r3, #0]	@ zero_extendqisi2
 2198 0220 020053E3 		cmp	r3, #2
 2199 0224 1E00001A 		bne	.L18
  60:../src/iis.c  ****         for( i=0; i<length/2; )
 2200              		.loc 1 60 0
 2201 0228 0030A0E3 		mov	r3, #0
 2202 022c 10300BE5 		str	r3, [fp, #-16]
 2203 0230 160000EA 		b	.L19
 2204              	.L20:
  61:../src/iis.c  ****         {
  62:../src/iis.c  ****             ch1 = buffer[i++];
 2205              		.loc 1 62 0
 2206 0234 10301BE5 		ldr	r3, [fp, #-16]
 2207 0238 8330A0E1 		mov	r3, r3, asl #1
 2208 023c 18201BE5 		ldr	r2, [fp, #-24]
 2209 0240 033082E0 		add	r3, r2, r3
 2210 0244 B030D3E1 		ldrh	r3, [r3, #0]	@ movhi
 2211 0248 B2314BE1 		strh	r3, [fp, #-18]	@ movhi
 2212 024c 10301BE5 		ldr	r3, [fp, #-16]
 2213 0250 013083E2 		add	r3, r3, #1
 2214 0254 10300BE5 		str	r3, [fp, #-16]
  63:../src/iis.c  ****             ch2 = buffer[i++];
 2215              		.loc 1 63 0
 2216 0258 10301BE5 		ldr	r3, [fp, #-16]
 2217 025c 8330A0E1 		mov	r3, r3, asl #1
 2218 0260 18201BE5 		ldr	r2, [fp, #-24]
 2219 0264 033082E0 		add	r3, r2, r3
 2220 0268 B030D3E1 		ldrh	r3, [r3, #0]	@ movhi
 2221 026c B4314BE1 		strh	r3, [fp, #-20]	@ movhi
 2222 0270 10301BE5 		ldr	r3, [fp, #-16]
 2223 0274 013083E2 		add	r3, r3, #1
 2224 0278 10300BE5 		str	r3, [fp, #-16]
  64:../src/iis.c  ****             iis_putSample( ch1, ch2 );
 2225              		.loc 1 64 0
 2226 027c F2215BE1 		ldrsh	r2, [fp, #-18]
 2227 0280 F4315BE1 		ldrsh	r3, [fp, #-20]
 2228 0284 0200A0E1 		mov	r0, r2
 2229 0288 0310A0E1 		mov	r1, r3
 2230 028c FEFFFFEB 		bl	iis_putSample
 2231              	.L19:
  60:../src/iis.c  ****         for( i=0; i<length/2; )
 2232              		.loc 1 60 0 discriminator 1
 2233 0290 1C301BE5 		ldr	r3, [fp, #-28]
 2234 0294 A320A0E1 		mov	r2, r3, lsr #1
 2235 0298 10301BE5 		ldr	r3, [fp, #-16]
 2236 029c 030052E1 		cmp	r2, r3
 2237 02a0 E3FFFF8A 		bhi	.L20
 2238              	.L18:
  65:../src/iis.c  ****         }
  66:../src/iis.c  ****     if( iomode == IIS_DMA ){
 2239              		.loc 1 66 0
 2240 02a4 0C319FE5 		ldr	r3, .L25
 2241 02a8 0030D3E5 		ldrb	r3, [r3, #0]	@ zero_extendqisi2
 2242 02ac 010053E3 		cmp	r3, #1
 2243 02b0 3D00001A 		bne	.L17
  67:../src/iis.c  ****         while (IISCON & 1);
 2244              		.loc 1 67 0
 2245 02b4 0000A0E1 		mov	r0, r0	@ nop
 2246              	.L22:
 2247              		.loc 1 67 0 is_stmt 0 discriminator 1
 2248 02b8 FC309FE5 		ldr	r3, .L25+4
 2249 02bc 003093E5 		ldr	r3, [r3, #0]
 2250 02c0 013003E2 		and	r3, r3, #1
 2251 02c4 FF3003E2 		and	r3, r3, #255
 2252 02c8 000053E3 		cmp	r3, #0
 2253 02cc F9FFFF1A 		bne	.L22
  68:../src/iis.c  ****         BDISRC0  = (1 << 30) | (1 << 28) | (uint32) buffer;
 2254              		.loc 1 68 0 is_stmt 1
 2255 02d0 E8309FE5 		ldr	r3, .L25+8
 2256 02d4 18201BE5 		ldr	r2, [fp, #-24]
 2257 02d8 052282E3 		orr	r2, r2, #1342177280
 2258 02dc 002083E5 		str	r2, [r3, #0]
  69:../src/iis.c  ****         BDIDES0  = (1 << 30) | (3 << 28) | (uint32) &IISFIF;
 2259              		.loc 1 69 0
 2260 02e0 DC309FE5 		ldr	r3, .L25+12
 2261 02e4 DC209FE5 		ldr	r2, .L25+16
 2262 02e8 002083E5 		str	r2, [r3, #0]
  70:../src/iis.c  ****         BDCON0   = 0;
 2263              		.loc 1 70 0
 2264 02ec 7E37A0E3 		mov	r3, #33030144
 2265 02f0 0020A0E3 		mov	r2, #0
 2266 02f4 002083E5 		str	r2, [r3, #0]
  71:../src/iis.c  ****         BDICNT0  = (1 << 30) | (1 << 26) | (3 << 22) | (0xfffff & length);
 2267              		.loc 1 71 0
 2268 02f8 CC209FE5 		ldr	r2, .L25+20
 2269 02fc 1C301BE5 		ldr	r3, [fp, #-28]
 2270 0300 FF34C3E3 		bic	r3, r3, #-16777216
 2271 0304 0F36C3E3 		bic	r3, r3, #15728640
 2272 0308 113383E3 		orr	r3, r3, #1140850688
 2273 030c 033583E3 		orr	r3, r3, #12582912
 2274 0310 003082E5 		str	r3, [r2, #0]
  72:../src/iis.c  ****         BDICNT0 |= (1 << 20);
 2275              		.loc 1 72 0
 2276 0314 B0309FE5 		ldr	r3, .L25+20
 2277 0318 AC209FE5 		ldr	r2, .L25+20
 2278 031c 002092E5 		ldr	r2, [r2, #0]
 2279 0320 012682E3 		orr	r2, r2, #1048576
 2280 0324 002083E5 		str	r2, [r3, #0]
  73:../src/iis.c  **** 
  74:../src/iis.c  ****         if ( loop )
 2281              		.loc 1 74 0
 2282 0328 1D305BE5 		ldrb	r3, [fp, #-29]	@ zero_extendqisi2
 2283 032c 000053E3 		cmp	r3, #0
 2284 0330 0A00000A 		beq	.L23
  75:../src/iis.c  ****         {
  76:../src/iis.c  ****        	   BDICNT0 |= (1<<21);
 2285              		.loc 1 76 0
 2286 0334 90309FE5 		ldr	r3, .L25+20
 2287 0338 8C209FE5 		ldr	r2, .L25+20
 2288 033c 002092E5 		ldr	r2, [r2, #0]
 2289 0340 022682E3 		orr	r2, r2, #2097152
 2290 0344 002083E5 		str	r2, [r3, #0]
  77:../src/iis.c  ****        	   BDICNT0 &= ~((1<<22) | (1<<23));
 2291              		.loc 1 77 0
 2292 0348 7C309FE5 		ldr	r3, .L25+20
 2293 034c 78209FE5 		ldr	r2, .L25+20
 2294 0350 002092E5 		ldr	r2, [r2, #0]
 2295 0354 0325C2E3 		bic	r2, r2, #12582912
 2296 0358 002083E5 		str	r2, [r3, #0]
 2297 035c 090000EA 		b	.L24
 2298              	.L23:
  78:../src/iis.c  ****         }
  79:../src/iis.c  ****         else
  80:../src/iis.c  ****         {
  81:../src/iis.c  ****            BDICNT0 &= ~(1<<21);
 2299              		.loc 1 81 0
 2300 0360 64309FE5 		ldr	r3, .L25+20
 2301 0364 60209FE5 		ldr	r2, .L25+20
 2302 0368 002092E5 		ldr	r2, [r2, #0]
 2303 036c 0226C2E3 		bic	r2, r2, #2097152
 2304 0370 002083E5 		str	r2, [r3, #0]
  82:../src/iis.c  ****            BDICNT0 |= (1<<22)|(1<<23);
 2305              		.loc 1 82 0
 2306 0374 50309FE5 		ldr	r3, .L25+20
 2307 0378 4C209FE5 		ldr	r2, .L25+20
 2308 037c 002092E5 		ldr	r2, [r2, #0]
 2309 0380 032582E3 		orr	r2, r2, #12582912
 2310 0384 002083E5 		str	r2, [r3, #0]
 2311              	.L24:
  83:../src/iis.c  ****         }
  84:../src/iis.c  **** 
  85:../src/iis.c  ****        IISMOD = 0x89;
 2312              		.loc 1 85 0
 2313 0388 40309FE5 		ldr	r3, .L25+24
 2314 038c 8920A0E3 		mov	r2, #137
 2315 0390 002083E5 		str	r2, [r3, #0]
  86:../src/iis.c  ****        IISFCON = (0xA00 & 0xfff);
 2316              		.loc 1 86 0
 2317 0394 38309FE5 		ldr	r3, .L25+28
 2318 0398 0A2CA0E3 		mov	r2, #2560
 2319 039c 002083E5 		str	r2, [r3, #0]
  87:../src/iis.c  ****        IISCON= ( 0x23 & 0x3f);
 2320              		.loc 1 87 0
 2321 03a0 14309FE5 		ldr	r3, .L25+4
 2322 03a4 2320A0E3 		mov	r2, #35
 2323 03a8 002083E5 		str	r2, [r3, #0]
 2324              	.L17:
  88:../src/iis.c  **** 	}
  89:../src/iis.c  **** }
 2325              		.loc 1 89 0
 2326 03ac 0CD04BE2 		sub	sp, fp, #12
 2327 03b0 00689DE8 		ldmfd	sp, {fp, sp, lr}
 2328 03b4 1EFF2FE1 		bx	lr
 2329              	.L26:
 2330              		.align	2
 2331              	.L25:
 2332 03b8 00000000 		.word	iomode
 2333 03bc 0080D101 		.word	30507008
 2334 03c0 0400F801 		.word	33030148
 2335 03c4 0800F801 		.word	33030152
 2336 03c8 1080D171 		.word	1909555216
 2337 03cc 0C00F801 		.word	33030156
 2338 03d0 0480D101 		.word	30507012
 2339 03d4 0C80D101 		.word	30507020
 2340              		.cfi_endproc
 2341              	.LFE4:
 2343              		.align	2
 2344              		.global	iis_rec
 2346              	iis_rec:
 2347              	.LFB5:
  90:../src/iis.c  **** 
  91:../src/iis.c  **** void iis_rec( int16 *buffer, uint32 length )
  92:../src/iis.c  **** {
 2348              		.loc 1 92 0
 2349              		.cfi_startproc
 2350              		@ Function supports interworking.
 2351              		@ args = 0, pretend = 0, frame = 16
 2352              		@ frame_needed = 1, uses_anonymous_args = 0
 2353 03d8 0DC0A0E1 		mov	ip, sp
 2354              	.LCFI10:
 2355              		.cfi_def_cfa_register 12
 2356 03dc 00D82DE9 		stmfd	sp!, {fp, ip, lr, pc}
 2357 03e0 04B04CE2 		sub	fp, ip, #4
 2358              		.cfi_offset 14, -8
 2359              		.cfi_offset 13, -12
 2360              		.cfi_offset 11, -16
 2361              	.LCFI11:
 2362              		.cfi_def_cfa 11, 4
 2363 03e4 10D04DE2 		sub	sp, sp, #16
 2364 03e8 18000BE5 		str	r0, [fp, #-24]
 2365 03ec 1C100BE5 		str	r1, [fp, #-28]
  93:../src/iis.c  ****     uint32 i;
  94:../src/iis.c  ****     int16 ch1, ch2;
  95:../src/iis.c  **** 
  96:../src/iis.c  ****     if( iomode == IIS_POLLING )
 2366              		.loc 1 96 0
 2367 03f0 38319FE5 		ldr	r3, .L33
 2368 03f4 0030D3E5 		ldrb	r3, [r3, #0]	@ zero_extendqisi2
 2369 03f8 020053E3 		cmp	r3, #2
 2370 03fc 1E00001A 		bne	.L28
  97:../src/iis.c  ****          for( i=0; i<length/2; )
 2371              		.loc 1 97 0
 2372 0400 0030A0E3 		mov	r3, #0
 2373 0404 10300BE5 		str	r3, [fp, #-16]
 2374 0408 160000EA 		b	.L29
 2375              	.L30:
  98:../src/iis.c  ****         {
  99:../src/iis.c  ****         		iis_getSample(&ch1, &ch2);
 2376              		.loc 1 99 0
 2377 040c 12204BE2 		sub	r2, fp, #18
 2378 0410 14304BE2 		sub	r3, fp, #20
 2379 0414 0200A0E1 		mov	r0, r2
 2380 0418 0310A0E1 		mov	r1, r3
 2381 041c FEFFFFEB 		bl	iis_getSample
 100:../src/iis.c  ****         		buffer[i++]= ch1;
 2382              		.loc 1 100 0
 2383 0420 10301BE5 		ldr	r3, [fp, #-16]
 2384 0424 8330A0E1 		mov	r3, r3, asl #1
 2385 0428 18201BE5 		ldr	r2, [fp, #-24]
 2386 042c 033082E0 		add	r3, r2, r3
 2387 0430 B2215BE1 		ldrh	r2, [fp, #-18]
 2388 0434 B020C3E1 		strh	r2, [r3, #0]	@ movhi
 2389 0438 10301BE5 		ldr	r3, [fp, #-16]
 2390 043c 013083E2 		add	r3, r3, #1
 2391 0440 10300BE5 		str	r3, [fp, #-16]
 101:../src/iis.c  ****         		buffer[i++]= ch2;
 2392              		.loc 1 101 0
 2393 0444 10301BE5 		ldr	r3, [fp, #-16]
 2394 0448 8330A0E1 		mov	r3, r3, asl #1
 2395 044c 18201BE5 		ldr	r2, [fp, #-24]
 2396 0450 033082E0 		add	r3, r2, r3
 2397 0454 B4215BE1 		ldrh	r2, [fp, #-20]
 2398 0458 B020C3E1 		strh	r2, [r3, #0]	@ movhi
 2399 045c 10301BE5 		ldr	r3, [fp, #-16]
 2400 0460 013083E2 		add	r3, r3, #1
 2401 0464 10300BE5 		str	r3, [fp, #-16]
 2402              	.L29:
  97:../src/iis.c  ****          for( i=0; i<length/2; )
 2403              		.loc 1 97 0 discriminator 1
 2404 0468 1C301BE5 		ldr	r3, [fp, #-28]
 2405 046c A320A0E1 		mov	r2, r3, lsr #1
 2406 0470 10301BE5 		ldr	r3, [fp, #-16]
 2407 0474 030052E1 		cmp	r2, r3
 2408 0478 E3FFFF8A 		bhi	.L30
 2409              	.L28:
 102:../src/iis.c  ****         }
 103:../src/iis.c  **** 
 104:../src/iis.c  ****     if( iomode == IIS_DMA )
 2410              		.loc 1 104 0
 2411 047c AC309FE5 		ldr	r3, .L33
 2412 0480 0030D3E5 		ldrb	r3, [r3, #0]	@ zero_extendqisi2
 2413 0484 010053E3 		cmp	r3, #1
 2414 0488 2500001A 		bne	.L27
 105:../src/iis.c  ****     {
 106:../src/iis.c  ****         while( IISCON & 1  );
 2415              		.loc 1 106 0
 2416 048c 0000A0E1 		mov	r0, r0	@ nop
 2417              	.L32:
 2418              		.loc 1 106 0 is_stmt 0 discriminator 1
 2419 0490 9C309FE5 		ldr	r3, .L33+4
 2420 0494 003093E5 		ldr	r3, [r3, #0]
 2421 0498 013003E2 		and	r3, r3, #1
 2422 049c FF3003E2 		and	r3, r3, #255
 2423 04a0 000053E3 		cmp	r3, #0
 2424 04a4 F9FFFF1A 		bne	.L32
 107:../src/iis.c  ****         BDISRC0  = (1 << 30) | (3 << 28) | (uint32) &IISFIF;
 2425              		.loc 1 107 0 is_stmt 1
 2426 04a8 88309FE5 		ldr	r3, .L33+8
 2427 04ac 88209FE5 		ldr	r2, .L33+12
 2428 04b0 002083E5 		str	r2, [r3, #0]
 108:../src/iis.c  ****         BDIDES0  = (2 << 30) | (1 << 28) | (uint32) buffer;      
 2429              		.loc 1 108 0
 2430 04b4 84309FE5 		ldr	r3, .L33+16
 2431 04b8 18201BE5 		ldr	r2, [fp, #-24]
 2432 04bc 092282E3 		orr	r2, r2, #-1879048192
 2433 04c0 002083E5 		str	r2, [r3, #0]
 109:../src/iis.c  ****         BDCON0   = 0;
 2434              		.loc 1 109 0
 2435 04c4 7E37A0E3 		mov	r3, #33030144
 2436 04c8 0020A0E3 		mov	r2, #0
 2437 04cc 002083E5 		str	r2, [r3, #0]
 110:../src/iis.c  ****         BDICNT0  = (1 << 30) | (1 << 26) | (3 << 22) | ( 0<<21 ) | (0xfffff & length);
 2438              		.loc 1 110 0
 2439 04d0 6C209FE5 		ldr	r2, .L33+20
 2440 04d4 1C301BE5 		ldr	r3, [fp, #-28]
 2441 04d8 FF34C3E3 		bic	r3, r3, #-16777216
 2442 04dc 0F36C3E3 		bic	r3, r3, #15728640
 2443 04e0 113383E3 		orr	r3, r3, #1140850688
 2444 04e4 033583E3 		orr	r3, r3, #12582912
 2445 04e8 003082E5 		str	r3, [r2, #0]
 111:../src/iis.c  ****         BDICNT0 |= (1 << 20);
 2446              		.loc 1 111 0
 2447 04ec 50309FE5 		ldr	r3, .L33+20
 2448 04f0 4C209FE5 		ldr	r2, .L33+20
 2449 04f4 002092E5 		ldr	r2, [r2, #0]
 2450 04f8 012682E3 		orr	r2, r2, #1048576
 2451 04fc 002083E5 		str	r2, [r3, #0]
 112:../src/iis.c  **** 
 113:../src/iis.c  ****         IISMOD   = 0x49;
 2452              		.loc 1 113 0
 2453 0500 40309FE5 		ldr	r3, .L33+24
 2454 0504 4920A0E3 		mov	r2, #73
 2455 0508 002083E5 		str	r2, [r3, #0]
 114:../src/iis.c  ****         IISFCON = (0x500 & 0xfff);
 2456              		.loc 1 114 0
 2457 050c 38309FE5 		ldr	r3, .L33+28
 2458 0510 052CA0E3 		mov	r2, #1280
 2459 0514 002083E5 		str	r2, [r3, #0]
 115:../src/iis.c  ****         IISCON  = (0x13 & 0x1f);
 2460              		.loc 1 115 0
 2461 0518 14309FE5 		ldr	r3, .L33+4
 2462 051c 1320A0E3 		mov	r2, #19
 2463 0520 002083E5 		str	r2, [r3, #0]
 2464              	.L27:
 116:../src/iis.c  ****     }
 117:../src/iis.c  **** }
 2465              		.loc 1 117 0
 2466 0524 0CD04BE2 		sub	sp, fp, #12
 2467 0528 00689DE8 		ldmfd	sp, {fp, sp, lr}
 2468 052c 1EFF2FE1 		bx	lr
 2469              	.L34:
 2470              		.align	2
 2471              	.L33:
 2472 0530 00000000 		.word	iomode
 2473 0534 0080D101 		.word	30507008
 2474 0538 0400F801 		.word	33030148
 2475 053c 1080D171 		.word	1909555216
 2476 0540 0800F801 		.word	33030152
 2477 0544 0C00F801 		.word	33030156
 2478 0548 0480D101 		.word	30507012
 2479 054c 0C80D101 		.word	30507020
 2480              		.cfi_endproc
 2481              	.LFE5:
 2483              		.align	2
 2484              		.global	iis_pause
 2486              	iis_pause:
 2487              	.LFB6:
 118:../src/iis.c  **** 
 119:../src/iis.c  **** void iis_pause( void )
 120:../src/iis.c  **** {
 2488              		.loc 1 120 0
 2489              		.cfi_startproc
 2490              		@ Function supports interworking.
 2491              		@ args = 0, pretend = 0, frame = 0
 2492              		@ frame_needed = 1, uses_anonymous_args = 0
 2493 0550 0DC0A0E1 		mov	ip, sp
 2494              	.LCFI12:
 2495              		.cfi_def_cfa_register 12
 2496 0554 00D82DE9 		stmfd	sp!, {fp, ip, lr, pc}
 2497 0558 04B04CE2 		sub	fp, ip, #4
 2498              		.cfi_offset 14, -8
 2499              		.cfi_offset 13, -12
 2500              		.cfi_offset 11, -16
 2501              	.LCFI13:
 2502              		.cfi_def_cfa 11, 4
 121:../src/iis.c  ****     IISCON &= ~1;
 2503              		.loc 1 121 0
 2504 055c 18309FE5 		ldr	r3, .L36
 2505 0560 14209FE5 		ldr	r2, .L36
 2506 0564 002092E5 		ldr	r2, [r2, #0]
 2507 0568 0120C2E3 		bic	r2, r2, #1
 2508 056c 002083E5 		str	r2, [r3, #0]
 122:../src/iis.c  **** }
 2509              		.loc 1 122 0
 2510 0570 0CD04BE2 		sub	sp, fp, #12
 2511 0574 00689DE8 		ldmfd	sp, {fp, sp, lr}
 2512 0578 1EFF2FE1 		bx	lr
 2513              	.L37:
 2514              		.align	2
 2515              	.L36:
 2516 057c 0080D101 		.word	30507008
 2517              		.cfi_endproc
 2518              	.LFE6:
 2520              		.align	2
 2521              		.global	iis_continue
 2523              	iis_continue:
 2524              	.LFB7:
 123:../src/iis.c  **** 
 124:../src/iis.c  **** void iis_continue( void )
 125:../src/iis.c  **** {
 2525              		.loc 1 125 0
 2526              		.cfi_startproc
 2527              		@ Function supports interworking.
 2528              		@ args = 0, pretend = 0, frame = 0
 2529              		@ frame_needed = 1, uses_anonymous_args = 0
 2530 0580 0DC0A0E1 		mov	ip, sp
 2531              	.LCFI14:
 2532              		.cfi_def_cfa_register 12
 2533 0584 00D82DE9 		stmfd	sp!, {fp, ip, lr, pc}
 2534 0588 04B04CE2 		sub	fp, ip, #4
 2535              		.cfi_offset 14, -8
 2536              		.cfi_offset 13, -12
 2537              		.cfi_offset 11, -16
 2538              	.LCFI15:
 2539              		.cfi_def_cfa 11, 4
 126:../src/iis.c  ****     IISCON |= 1;
 2540              		.loc 1 126 0
 2541 058c 18309FE5 		ldr	r3, .L39
 2542 0590 14209FE5 		ldr	r2, .L39
 2543 0594 002092E5 		ldr	r2, [r2, #0]
 2544 0598 012082E3 		orr	r2, r2, #1
 2545 059c 002083E5 		str	r2, [r3, #0]
 127:../src/iis.c  **** }
 2546              		.loc 1 127 0
 2547 05a0 0CD04BE2 		sub	sp, fp, #12
 2548 05a4 00689DE8 		ldmfd	sp, {fp, sp, lr}
 2549 05a8 1EFF2FE1 		bx	lr
 2550              	.L40:
 2551              		.align	2
 2552              	.L39:
 2553 05ac 0080D101 		.word	30507008
 2554              		.cfi_endproc
 2555              	.LFE7:
 2557              		.align	2
 2558              		.global	iis_status
 2560              	iis_status:
 2561              	.LFB8:
 128:../src/iis.c  **** 
 129:../src/iis.c  **** uint8 iis_status( void )
 130:../src/iis.c  **** {
 2562              		.loc 1 130 0
 2563              		.cfi_startproc
 2564              		@ Function supports interworking.
 2565              		@ args = 0, pretend = 0, frame = 0
 2566              		@ frame_needed = 1, uses_anonymous_args = 0
 2567 05b0 0DC0A0E1 		mov	ip, sp
 2568              	.LCFI16:
 2569              		.cfi_def_cfa_register 12
 2570 05b4 00D82DE9 		stmfd	sp!, {fp, ip, lr, pc}
 2571 05b8 04B04CE2 		sub	fp, ip, #4
 2572              		.cfi_offset 14, -8
 2573              		.cfi_offset 13, -12
 2574              		.cfi_offset 11, -16
 2575              	.LCFI17:
 2576              		.cfi_def_cfa 11, 4
 131:../src/iis.c  ****     if ( IISCON & 1)
 2577              		.loc 1 131 0
 2578 05bc 2C309FE5 		ldr	r3, .L44
 2579 05c0 003093E5 		ldr	r3, [r3, #0]
 2580 05c4 013003E2 		and	r3, r3, #1
 2581 05c8 FF3003E2 		and	r3, r3, #255
 2582 05cc 000053E3 		cmp	r3, #0
 2583 05d0 0100000A 		beq	.L42
 132:../src/iis.c  ****     {
 133:../src/iis.c  ****     	return ON;
 2584              		.loc 1 133 0
 2585 05d4 0130A0E3 		mov	r3, #1
 2586 05d8 000000EA 		b	.L43
 2587              	.L42:
 134:../src/iis.c  ****     }
 135:../src/iis.c  ****     else
 136:../src/iis.c  ****     {
 137:../src/iis.c  ****     	return OFF;
 2588              		.loc 1 137 0
 2589 05dc 0030A0E3 		mov	r3, #0
 2590              	.L43:
 138:../src/iis.c  ****     }
 139:../src/iis.c  **** }
 2591              		.loc 1 139 0
 2592 05e0 0300A0E1 		mov	r0, r3
 2593 05e4 0CD04BE2 		sub	sp, fp, #12
 2594 05e8 00689DE8 		ldmfd	sp, {fp, sp, lr}
 2595 05ec 1EFF2FE1 		bx	lr
 2596              	.L45:
 2597              		.align	2
 2598              	.L44:
 2599 05f0 0080D101 		.word	30507008
 2600              		.cfi_endproc
 2601              	.LFE8:
 2603              		.align	2
 2604              		.global	iis_playWawFile
 2606              	iis_playWawFile:
 2607              	.LFB9:
 140:../src/iis.c  **** 
 141:../src/iis.c  **** void iis_playWawFile( int16 *wav, uint8 loop )
 142:../src/iis.c  **** {
 2608              		.loc 1 142 0
 2609              		.cfi_startproc
 2610              		@ Function supports interworking.
 2611              		@ args = 0, pretend = 0, frame = 16
 2612              		@ frame_needed = 1, uses_anonymous_args = 0
 2613 05f4 0DC0A0E1 		mov	ip, sp
 2614              	.LCFI18:
 2615              		.cfi_def_cfa_register 12
 2616 05f8 00D82DE9 		stmfd	sp!, {fp, ip, lr, pc}
 2617 05fc 04B04CE2 		sub	fp, ip, #4
 2618              		.cfi_offset 14, -8
 2619              		.cfi_offset 13, -12
 2620              		.cfi_offset 11, -16
 2621              	.LCFI19:
 2622              		.cfi_def_cfa 11, 4
 2623 0600 10D04DE2 		sub	sp, sp, #16
 2624 0604 18000BE5 		str	r0, [fp, #-24]
 2625 0608 0130A0E1 		mov	r3, r1
 2626 060c 19304BE5 		strb	r3, [fp, #-25]
 143:../src/iis.c  **** 
 144:../src/iis.c  ****     uint32 size;
 145:../src/iis.c  ****     char *p;
 146:../src/iis.c  **** 
 147:../src/iis.c  ****     p = (char *) wav;
 2627              		.loc 1 147 0
 2628 0610 18301BE5 		ldr	r3, [fp, #-24]
 2629 0614 10300BE5 		str	r3, [fp, #-16]
 148:../src/iis.c  ****     while ( !(p[0] == 'd' && p[1] == 'a' && p[2] == 't' && p[3] == 'a') ) // busca el chunck data
 2630              		.loc 1 148 0
 2631 0618 020000EA 		b	.L47
 2632              	.L48:
 149:../src/iis.c  ****         p++;
 2633              		.loc 1 149 0
 2634 061c 10301BE5 		ldr	r3, [fp, #-16]
 2635 0620 013083E2 		add	r3, r3, #1
 2636 0624 10300BE5 		str	r3, [fp, #-16]
 2637              	.L47:
 148:../src/iis.c  ****     while ( !(p[0] == 'd' && p[1] == 'a' && p[2] == 't' && p[3] == 'a') ) // busca el chunck data
 2638              		.loc 1 148 0 discriminator 1
 2639 0628 10301BE5 		ldr	r3, [fp, #-16]
 2640 062c 0030D3E5 		ldrb	r3, [r3, #0]	@ zero_extendqisi2
 2641 0630 640053E3 		cmp	r3, #100
 2642 0634 F8FFFF1A 		bne	.L48
 148:../src/iis.c  ****     while ( !(p[0] == 'd' && p[1] == 'a' && p[2] == 't' && p[3] == 'a') ) // busca el chunck data
 2643              		.loc 1 148 0 is_stmt 0 discriminator 2
 2644 0638 10301BE5 		ldr	r3, [fp, #-16]
 2645 063c 013083E2 		add	r3, r3, #1
 2646 0640 0030D3E5 		ldrb	r3, [r3, #0]	@ zero_extendqisi2
 2647 0644 610053E3 		cmp	r3, #97
 2648 0648 F3FFFF1A 		bne	.L48
 148:../src/iis.c  ****     while ( !(p[0] == 'd' && p[1] == 'a' && p[2] == 't' && p[3] == 'a') ) // busca el chunck data
 2649              		.loc 1 148 0 discriminator 1
 2650 064c 10301BE5 		ldr	r3, [fp, #-16]
 2651 0650 023083E2 		add	r3, r3, #2
 2652 0654 0030D3E5 		ldrb	r3, [r3, #0]	@ zero_extendqisi2
 2653 0658 740053E3 		cmp	r3, #116
 2654 065c EEFFFF1A 		bne	.L48
 2655 0660 10301BE5 		ldr	r3, [fp, #-16]
 2656 0664 033083E2 		add	r3, r3, #3
 2657 0668 0030D3E5 		ldrb	r3, [r3, #0]	@ zero_extendqisi2
 2658 066c 610053E3 		cmp	r3, #97
 2659 0670 E9FFFF1A 		bne	.L48
 150:../src/iis.c  ****     p += 4;
 2660              		.loc 1 150 0 is_stmt 1
 2661 0674 10301BE5 		ldr	r3, [fp, #-16]
 2662 0678 043083E2 		add	r3, r3, #4
 2663 067c 10300BE5 		str	r3, [fp, #-16]
 151:../src/iis.c  **** 
 152:../src/iis.c  ****     size = p[0] + (p[1] << 8) + (p[2] << 16) + (p[3] << 24); // los datos de cabecera están en litt
 2664              		.loc 1 152 0
 2665 0680 10301BE5 		ldr	r3, [fp, #-16]
 2666 0684 0030D3E5 		ldrb	r3, [r3, #0]	@ zero_extendqisi2
 2667 0688 0320A0E1 		mov	r2, r3
 2668 068c 10301BE5 		ldr	r3, [fp, #-16]
 2669 0690 013083E2 		add	r3, r3, #1
 2670 0694 0030D3E5 		ldrb	r3, [r3, #0]	@ zero_extendqisi2
 2671 0698 0334A0E1 		mov	r3, r3, asl #8
 2672 069c 032082E0 		add	r2, r2, r3
 2673 06a0 10301BE5 		ldr	r3, [fp, #-16]
 2674 06a4 023083E2 		add	r3, r3, #2
 2675 06a8 0030D3E5 		ldrb	r3, [r3, #0]	@ zero_extendqisi2
 2676 06ac 0338A0E1 		mov	r3, r3, asl #16
 2677 06b0 032082E0 		add	r2, r2, r3
 2678 06b4 10301BE5 		ldr	r3, [fp, #-16]
 2679 06b8 033083E2 		add	r3, r3, #3
 2680 06bc 0030D3E5 		ldrb	r3, [r3, #0]	@ zero_extendqisi2
 2681 06c0 033CA0E1 		mov	r3, r3, asl #24
 2682 06c4 033082E0 		add	r3, r2, r3
 2683 06c8 14300BE5 		str	r3, [fp, #-20]
 153:../src/iis.c  ****     p += 4;
 2684              		.loc 1 153 0
 2685 06cc 10301BE5 		ldr	r3, [fp, #-16]
 2686 06d0 043083E2 		add	r3, r3, #4
 2687 06d4 10300BE5 		str	r3, [fp, #-16]
 154:../src/iis.c  **** 
 155:../src/iis.c  ****     iis_play( (int16 *)p, size, loop );
 2688              		.loc 1 155 0
 2689 06d8 10201BE5 		ldr	r2, [fp, #-16]
 2690 06dc 19305BE5 		ldrb	r3, [fp, #-25]	@ zero_extendqisi2
 2691 06e0 0200A0E1 		mov	r0, r2
 2692 06e4 14101BE5 		ldr	r1, [fp, #-20]
 2693 06e8 0320A0E1 		mov	r2, r3
 2694 06ec FEFFFFEB 		bl	iis_play
 156:../src/iis.c  **** 
 157:../src/iis.c  **** 
 158:../src/iis.c  **** }
 2695              		.loc 1 158 0
 2696 06f0 0CD04BE2 		sub	sp, fp, #12
 2697 06f4 00689DE8 		ldmfd	sp, {fp, sp, lr}
 2698 06f8 1EFF2FE1 		bx	lr
 2699              		.cfi_endproc
 2700              	.LFE9:
 2702              	.Letext0:
DEFINED SYMBOLS
                            *ABS*:00000000 iis.c
C:\Users\VUser\AppData\Local\Temp\ccBxqIsi.s:1917   .bss:00000000 iomode
C:\Users\VUser\AppData\Local\Temp\ccBxqIsi.s:1918   .bss:00000000 $d
C:\Users\VUser\AppData\Local\Temp\ccBxqIsi.s:1920   .text:00000000 $a
C:\Users\VUser\AppData\Local\Temp\ccBxqIsi.s:1923   .text:00000000 iis_init
C:\Users\VUser\AppData\Local\Temp\ccBxqIsi.s:2003   .text:000000bc $d
C:\Users\VUser\AppData\Local\Temp\ccBxqIsi.s:2014   .text:000000d4 isr_bdma0
C:\Users\VUser\AppData\Local\Temp\ccBxqIsi.s:2012   .text:000000d4 $a
C:\Users\VUser\AppData\Local\Temp\ccBxqIsi.s:2052   .text:00000114 $d
C:\Users\VUser\AppData\Local\Temp\ccBxqIsi.s:2057   .text:0000011c $a
C:\Users\VUser\AppData\Local\Temp\ccBxqIsi.s:2060   .text:0000011c iis_putSample
C:\Users\VUser\AppData\Local\Temp\ccBxqIsi.s:2107   .text:0000017c $d
C:\Users\VUser\AppData\Local\Temp\ccBxqIsi.s:2112   .text:00000184 $a
C:\Users\VUser\AppData\Local\Temp\ccBxqIsi.s:2115   .text:00000184 iis_getSample
C:\Users\VUser\AppData\Local\Temp\ccBxqIsi.s:2165   .text:000001f0 $d
C:\Users\VUser\AppData\Local\Temp\ccBxqIsi.s:2170   .text:000001f8 $a
C:\Users\VUser\AppData\Local\Temp\ccBxqIsi.s:2173   .text:000001f8 iis_play
C:\Users\VUser\AppData\Local\Temp\ccBxqIsi.s:2332   .text:000003b8 $d
C:\Users\VUser\AppData\Local\Temp\ccBxqIsi.s:2343   .text:000003d8 $a
C:\Users\VUser\AppData\Local\Temp\ccBxqIsi.s:2346   .text:000003d8 iis_rec
C:\Users\VUser\AppData\Local\Temp\ccBxqIsi.s:2472   .text:00000530 $d
C:\Users\VUser\AppData\Local\Temp\ccBxqIsi.s:2483   .text:00000550 $a
C:\Users\VUser\AppData\Local\Temp\ccBxqIsi.s:2486   .text:00000550 iis_pause
C:\Users\VUser\AppData\Local\Temp\ccBxqIsi.s:2516   .text:0000057c $d
C:\Users\VUser\AppData\Local\Temp\ccBxqIsi.s:2520   .text:00000580 $a
C:\Users\VUser\AppData\Local\Temp\ccBxqIsi.s:2523   .text:00000580 iis_continue
C:\Users\VUser\AppData\Local\Temp\ccBxqIsi.s:2553   .text:000005ac $d
C:\Users\VUser\AppData\Local\Temp\ccBxqIsi.s:2557   .text:000005b0 $a
C:\Users\VUser\AppData\Local\Temp\ccBxqIsi.s:2560   .text:000005b0 iis_status
C:\Users\VUser\AppData\Local\Temp\ccBxqIsi.s:2599   .text:000005f0 $d
C:\Users\VUser\AppData\Local\Temp\ccBxqIsi.s:2603   .text:000005f4 $a
C:\Users\VUser\AppData\Local\Temp\ccBxqIsi.s:2606   .text:000005f4 iis_playWawFile
                     .debug_frame:00000010 $d

UNDEFINED SYMBOLS
bdma0_init
bdma0_open
