   1              		.cpu arm7tdmi
   2              		.fpu softvfp
   3              		.eabi_attribute 20, 1
   4              		.eabi_attribute 21, 1
   5              		.eabi_attribute 23, 3
   6              		.eabi_attribute 24, 1
   7              		.eabi_attribute 25, 1
   8              		.eabi_attribute 26, 1
   9              		.eabi_attribute 30, 6
  10              		.eabi_attribute 18, 4
  11              		.file	"leds.c"
  21              	.Ltext0:
  22              		.file 1 "../src/leds.c"
 1688              		.align	2
 1689              		.global	leds_init
 1691              	leds_init:
 1692              	.LFB0:
   1:../src/leds.c **** #include <s3c44b0x.h>
   2:../src/leds.c **** #include <leds.h>
   3:../src/leds.c **** 
   4:../src/leds.c **** void leds_init( void )
   5:../src/leds.c **** {
 1693              		.loc 1 5 0
 1694              		.cfi_startproc
 1695              		@ Function supports interworking.
 1696              		@ args = 0, pretend = 0, frame = 0
 1697              		@ frame_needed = 1, uses_anonymous_args = 0
 1698 0000 0DC0A0E1 		mov	ip, sp
 1699              	.LCFI0:
 1700              		.cfi_def_cfa_register 12
 1701 0004 00D82DE9 		stmfd	sp!, {fp, ip, lr, pc}
 1702 0008 04B04CE2 		sub	fp, ip, #4
 1703              		.cfi_offset 14, -8
 1704              		.cfi_offset 13, -12
 1705              		.cfi_offset 11, -16
 1706              	.LCFI1:
 1707              		.cfi_def_cfa 11, 4
   6:../src/leds.c **** 	PCONB &= ~( (1<<9) | (1<<10) );
 1708              		.loc 1 6 0
 1709 000c 28309FE5 		ldr	r3, .L2
 1710 0010 24209FE5 		ldr	r2, .L2
 1711 0014 002092E5 		ldr	r2, [r2, #0]
 1712 0018 062CC2E3 		bic	r2, r2, #1536
 1713 001c 002083E5 		str	r2, [r3, #0]
   7:../src/leds.c **** 	led_off(LEFT_LED);
 1714              		.loc 1 7 0
 1715 0020 0100A0E3 		mov	r0, #1
 1716 0024 FEFFFFEB 		bl	led_off
   8:../src/leds.c **** 	led_off(RIGHT_LED);
 1717              		.loc 1 8 0
 1718 0028 0200A0E3 		mov	r0, #2
 1719 002c FEFFFFEB 		bl	led_off
   9:../src/leds.c **** }
 1720              		.loc 1 9 0
 1721 0030 0CD04BE2 		sub	sp, fp, #12
 1722 0034 00689DE8 		ldmfd	sp, {fp, sp, lr}
 1723 0038 1EFF2FE1 		bx	lr
 1724              	.L3:
 1725              		.align	2
 1726              	.L2:
 1727 003c 0800D201 		.word	30539784
 1728              		.cfi_endproc
 1729              	.LFE0:
 1731              		.align	2
 1732              		.global	led_on
 1734              	led_on:
 1735              	.LFB1:
  10:../src/leds.c **** 
  11:../src/leds.c **** void led_on( uint8 led )
  12:../src/leds.c **** {
 1736              		.loc 1 12 0
 1737              		.cfi_startproc
 1738              		@ Function supports interworking.
 1739              		@ args = 0, pretend = 0, frame = 8
 1740              		@ frame_needed = 1, uses_anonymous_args = 0
 1741 0040 0DC0A0E1 		mov	ip, sp
 1742              	.LCFI2:
 1743              		.cfi_def_cfa_register 12
 1744 0044 00D82DE9 		stmfd	sp!, {fp, ip, lr, pc}
 1745 0048 04B04CE2 		sub	fp, ip, #4
 1746              		.cfi_offset 14, -8
 1747              		.cfi_offset 13, -12
 1748              		.cfi_offset 11, -16
 1749              	.LCFI3:
 1750              		.cfi_def_cfa 11, 4
 1751 004c 08D04DE2 		sub	sp, sp, #8
 1752 0050 0030A0E1 		mov	r3, r0
 1753 0054 0D304BE5 		strb	r3, [fp, #-13]
  13:../src/leds.c **** 	if(led == LEFT_LED){
 1754              		.loc 1 13 0
 1755 0058 0D305BE5 		ldrb	r3, [fp, #-13]	@ zero_extendqisi2
 1756 005c 010053E3 		cmp	r3, #1
 1757 0060 0500001A 		bne	.L5
  14:../src/leds.c **** 		PDATB &= ~(1<<9);
 1758              		.loc 1 14 0
 1759 0064 30309FE5 		ldr	r3, .L7
 1760 0068 2C209FE5 		ldr	r2, .L7
 1761 006c 002092E5 		ldr	r2, [r2, #0]
 1762 0070 022CC2E3 		bic	r2, r2, #512
 1763 0074 002083E5 		str	r2, [r3, #0]
 1764 0078 040000EA 		b	.L4
 1765              	.L5:
  15:../src/leds.c **** 	} else {
  16:../src/leds.c **** 		PDATB &= ~(1<<10);
 1766              		.loc 1 16 0
 1767 007c 18309FE5 		ldr	r3, .L7
 1768 0080 14209FE5 		ldr	r2, .L7
 1769 0084 002092E5 		ldr	r2, [r2, #0]
 1770 0088 012BC2E3 		bic	r2, r2, #1024
 1771 008c 002083E5 		str	r2, [r3, #0]
 1772              	.L4:
  17:../src/leds.c **** 	}
  18:../src/leds.c **** }
 1773              		.loc 1 18 0
 1774 0090 0CD04BE2 		sub	sp, fp, #12
 1775 0094 00689DE8 		ldmfd	sp, {fp, sp, lr}
 1776 0098 1EFF2FE1 		bx	lr
 1777              	.L8:
 1778              		.align	2
 1779              	.L7:
 1780 009c 0C00D201 		.word	30539788
 1781              		.cfi_endproc
 1782              	.LFE1:
 1784              		.align	2
 1785              		.global	led_off
 1787              	led_off:
 1788              	.LFB2:
  19:../src/leds.c **** 
  20:../src/leds.c **** void led_off( uint8 led )
  21:../src/leds.c **** {
 1789              		.loc 1 21 0
 1790              		.cfi_startproc
 1791              		@ Function supports interworking.
 1792              		@ args = 0, pretend = 0, frame = 8
 1793              		@ frame_needed = 1, uses_anonymous_args = 0
 1794 00a0 0DC0A0E1 		mov	ip, sp
 1795              	.LCFI4:
 1796              		.cfi_def_cfa_register 12
 1797 00a4 00D82DE9 		stmfd	sp!, {fp, ip, lr, pc}
 1798 00a8 04B04CE2 		sub	fp, ip, #4
 1799              		.cfi_offset 14, -8
 1800              		.cfi_offset 13, -12
 1801              		.cfi_offset 11, -16
 1802              	.LCFI5:
 1803              		.cfi_def_cfa 11, 4
 1804 00ac 08D04DE2 		sub	sp, sp, #8
 1805 00b0 0030A0E1 		mov	r3, r0
 1806 00b4 0D304BE5 		strb	r3, [fp, #-13]
  22:../src/leds.c **** 	if(led == LEFT_LED){
 1807              		.loc 1 22 0
 1808 00b8 0D305BE5 		ldrb	r3, [fp, #-13]	@ zero_extendqisi2
 1809 00bc 010053E3 		cmp	r3, #1
 1810 00c0 0500001A 		bne	.L10
  23:../src/leds.c **** 		PDATB |= (1<<9);
 1811              		.loc 1 23 0
 1812 00c4 30309FE5 		ldr	r3, .L12
 1813 00c8 2C209FE5 		ldr	r2, .L12
 1814 00cc 002092E5 		ldr	r2, [r2, #0]
 1815 00d0 022C82E3 		orr	r2, r2, #512
 1816 00d4 002083E5 		str	r2, [r3, #0]
 1817 00d8 040000EA 		b	.L9
 1818              	.L10:
  24:../src/leds.c **** 	} else {
  25:../src/leds.c **** 		PDATB |= (1<<10);
 1819              		.loc 1 25 0
 1820 00dc 18309FE5 		ldr	r3, .L12
 1821 00e0 14209FE5 		ldr	r2, .L12
 1822 00e4 002092E5 		ldr	r2, [r2, #0]
 1823 00e8 012B82E3 		orr	r2, r2, #1024
 1824 00ec 002083E5 		str	r2, [r3, #0]
 1825              	.L9:
  26:../src/leds.c **** 	}
  27:../src/leds.c **** }
 1826              		.loc 1 27 0
 1827 00f0 0CD04BE2 		sub	sp, fp, #12
 1828 00f4 00689DE8 		ldmfd	sp, {fp, sp, lr}
 1829 00f8 1EFF2FE1 		bx	lr
 1830              	.L13:
 1831              		.align	2
 1832              	.L12:
 1833 00fc 0C00D201 		.word	30539788
 1834              		.cfi_endproc
 1835              	.LFE2:
 1837              		.align	2
 1838              		.global	led_toggle
 1840              	led_toggle:
 1841              	.LFB3:
  28:../src/leds.c **** 
  29:../src/leds.c **** void led_toggle( uint8 led )
  30:../src/leds.c **** {
 1842              		.loc 1 30 0
 1843              		.cfi_startproc
 1844              		@ Function supports interworking.
 1845              		@ args = 0, pretend = 0, frame = 8
 1846              		@ frame_needed = 1, uses_anonymous_args = 0
 1847 0100 0DC0A0E1 		mov	ip, sp
 1848              	.LCFI6:
 1849              		.cfi_def_cfa_register 12
 1850 0104 00D82DE9 		stmfd	sp!, {fp, ip, lr, pc}
 1851 0108 04B04CE2 		sub	fp, ip, #4
 1852              		.cfi_offset 14, -8
 1853              		.cfi_offset 13, -12
 1854              		.cfi_offset 11, -16
 1855              	.LCFI7:
 1856              		.cfi_def_cfa 11, 4
 1857 010c 08D04DE2 		sub	sp, sp, #8
 1858 0110 0030A0E1 		mov	r3, r0
 1859 0114 0D304BE5 		strb	r3, [fp, #-13]
  31:../src/leds.c **** 	if(led == LEFT_LED){
 1860              		.loc 1 31 0
 1861 0118 0D305BE5 		ldrb	r3, [fp, #-13]	@ zero_extendqisi2
 1862 011c 010053E3 		cmp	r3, #1
 1863 0120 0500001A 		bne	.L15
  32:../src/leds.c **** 			PDATB ^= (1<<9);
 1864              		.loc 1 32 0
 1865 0124 30309FE5 		ldr	r3, .L17
 1866 0128 2C209FE5 		ldr	r2, .L17
 1867 012c 002092E5 		ldr	r2, [r2, #0]
 1868 0130 022C22E2 		eor	r2, r2, #512
 1869 0134 002083E5 		str	r2, [r3, #0]
 1870 0138 040000EA 		b	.L14
 1871              	.L15:
  33:../src/leds.c **** 		} else {
  34:../src/leds.c **** 			PDATB ^= (1<<10);
 1872              		.loc 1 34 0
 1873 013c 18309FE5 		ldr	r3, .L17
 1874 0140 14209FE5 		ldr	r2, .L17
 1875 0144 002092E5 		ldr	r2, [r2, #0]
 1876 0148 012B22E2 		eor	r2, r2, #1024
 1877 014c 002083E5 		str	r2, [r3, #0]
 1878              	.L14:
  35:../src/leds.c **** 		}
  36:../src/leds.c **** }
 1879              		.loc 1 36 0
 1880 0150 0CD04BE2 		sub	sp, fp, #12
 1881 0154 00689DE8 		ldmfd	sp, {fp, sp, lr}
 1882 0158 1EFF2FE1 		bx	lr
 1883              	.L18:
 1884              		.align	2
 1885              	.L17:
 1886 015c 0C00D201 		.word	30539788
 1887              		.cfi_endproc
 1888              	.LFE3:
 1890              		.align	2
 1891              		.global	led_status
 1893              	led_status:
 1894              	.LFB4:
  37:../src/leds.c **** 
  38:../src/leds.c **** uint8 led_status( uint8 led )
  39:../src/leds.c **** {
 1895              		.loc 1 39 0
 1896              		.cfi_startproc
 1897              		@ Function supports interworking.
 1898              		@ args = 0, pretend = 0, frame = 8
 1899              		@ frame_needed = 1, uses_anonymous_args = 0
 1900 0160 0DC0A0E1 		mov	ip, sp
 1901              	.LCFI8:
 1902              		.cfi_def_cfa_register 12
 1903 0164 00D82DE9 		stmfd	sp!, {fp, ip, lr, pc}
 1904 0168 04B04CE2 		sub	fp, ip, #4
 1905              		.cfi_offset 14, -8
 1906              		.cfi_offset 13, -12
 1907              		.cfi_offset 11, -16
 1908              	.LCFI9:
 1909              		.cfi_def_cfa 11, 4
 1910 016c 08D04DE2 		sub	sp, sp, #8
 1911 0170 0030A0E1 		mov	r3, r0
 1912 0174 0D304BE5 		strb	r3, [fp, #-13]
  40:../src/leds.c **** 	if(led == LEFT_LED){
 1913              		.loc 1 40 0
 1914 0178 0D305BE5 		ldrb	r3, [fp, #-13]	@ zero_extendqisi2
 1915 017c 010053E3 		cmp	r3, #1
 1916 0180 0800001A 		bne	.L20
  41:../src/leds.c **** 		if (PDATB & (1<<9))
 1917              		.loc 1 41 0
 1918 0184 4C309FE5 		ldr	r3, .L24
 1919 0188 003093E5 		ldr	r3, [r3, #0]
 1920 018c 023C03E2 		and	r3, r3, #512
 1921 0190 000053E3 		cmp	r3, #0
 1922 0194 0100000A 		beq	.L21
  42:../src/leds.c **** 			return 0;//apagado
 1923              		.loc 1 42 0
 1924 0198 0030A0E3 		mov	r3, #0
 1925 019c 090000EA 		b	.L22
 1926              	.L21:
  43:../src/leds.c **** 		else{
  44:../src/leds.c **** 			return 1;//encendido
 1927              		.loc 1 44 0
 1928 01a0 0130A0E3 		mov	r3, #1
 1929 01a4 070000EA 		b	.L22
 1930              	.L20:
  45:../src/leds.c **** 		}
  46:../src/leds.c **** 	} else {
  47:../src/leds.c **** 		if (PDATB & (1<<10))
 1931              		.loc 1 47 0
 1932 01a8 28309FE5 		ldr	r3, .L24
 1933 01ac 003093E5 		ldr	r3, [r3, #0]
 1934 01b0 013B03E2 		and	r3, r3, #1024
 1935 01b4 000053E3 		cmp	r3, #0
 1936 01b8 0100000A 		beq	.L23
  48:../src/leds.c **** 			return 0;//apagado
 1937              		.loc 1 48 0
 1938 01bc 0030A0E3 		mov	r3, #0
 1939 01c0 000000EA 		b	.L22
 1940              	.L23:
  49:../src/leds.c **** 		else{
  50:../src/leds.c **** 			return 1;//encendido
 1941              		.loc 1 50 0
 1942 01c4 0130A0E3 		mov	r3, #1
 1943              	.L22:
  51:../src/leds.c **** 		}
  52:../src/leds.c **** 	}
  53:../src/leds.c **** }
 1944              		.loc 1 53 0
 1945 01c8 0300A0E1 		mov	r0, r3
 1946 01cc 0CD04BE2 		sub	sp, fp, #12
 1947 01d0 00689DE8 		ldmfd	sp, {fp, sp, lr}
 1948 01d4 1EFF2FE1 		bx	lr
 1949              	.L25:
 1950              		.align	2
 1951              	.L24:
 1952 01d8 0C00D201 		.word	30539788
 1953              		.cfi_endproc
 1954              	.LFE4:
 1956              	.Letext0:
DEFINED SYMBOLS
                            *ABS*:00000000 leds.c
C:\Users\VUser\AppData\Local\Temp\ccMUXBHL.s:1688   .text:00000000 $a
C:\Users\VUser\AppData\Local\Temp\ccMUXBHL.s:1691   .text:00000000 leds_init
C:\Users\VUser\AppData\Local\Temp\ccMUXBHL.s:1787   .text:000000a0 led_off
C:\Users\VUser\AppData\Local\Temp\ccMUXBHL.s:1727   .text:0000003c $d
C:\Users\VUser\AppData\Local\Temp\ccMUXBHL.s:1731   .text:00000040 $a
C:\Users\VUser\AppData\Local\Temp\ccMUXBHL.s:1734   .text:00000040 led_on
C:\Users\VUser\AppData\Local\Temp\ccMUXBHL.s:1780   .text:0000009c $d
C:\Users\VUser\AppData\Local\Temp\ccMUXBHL.s:1784   .text:000000a0 $a
C:\Users\VUser\AppData\Local\Temp\ccMUXBHL.s:1833   .text:000000fc $d
C:\Users\VUser\AppData\Local\Temp\ccMUXBHL.s:1837   .text:00000100 $a
C:\Users\VUser\AppData\Local\Temp\ccMUXBHL.s:1840   .text:00000100 led_toggle
C:\Users\VUser\AppData\Local\Temp\ccMUXBHL.s:1886   .text:0000015c $d
C:\Users\VUser\AppData\Local\Temp\ccMUXBHL.s:1890   .text:00000160 $a
C:\Users\VUser\AppData\Local\Temp\ccMUXBHL.s:1893   .text:00000160 led_status
C:\Users\VUser\AppData\Local\Temp\ccMUXBHL.s:1952   .text:000001d8 $d
                     .debug_frame:00000010 $d

NO UNDEFINED SYMBOLS
