
Checking platform configuration ...
IPNAME: plb_v46, INSTANCE: plb_v46_0 - 2 master(s) : 7 slave(s) 

Checking port drivers...
WARNING:EDK:4180 - PORT: EXT_BRK, CONNECTOR: Ext_BRK - No driver found. Port
   will be driven to GND -
   C:\Xilinx\14.1\ISE_DS\EDK\hw\XilinxProcessorIPLib\pcores\microblaze_v8_30_a\d
   ata\microblaze_v2_1_0.mpd line 412 
WARNING:EDK:4180 - PORT: EXT_NM_BRK, CONNECTOR: Ext_NM_BRK - No driver found.
   Port will be driven to GND -
   C:\Xilinx\14.1\ISE_DS\EDK\hw\XilinxProcessorIPLib\pcores\microblaze_v8_30_a\d
   ata\microblaze_v2_1_0.mpd line 413 
WARNING:EDK:4181 - PORT: microblaze_0_MB_RESET_pin, CONNECTOR:
   microblaze_0_MB_RESET - floating connection -
   C:\Users\VUser\Desktop\Practica5SE\system.mhs line 5 
WARNING:EDK:4181 - PORT: plb_v46_0_PLB_Clk_pin, CONNECTOR: plb_v46_0_PLB_Clk -
   floating connection - C:\Users\VUser\Desktop\Practica5SE\system.mhs line 6 
WARNING:EDK:4181 - PORT: plb_v46_0_SYS_Rst_pin, CONNECTOR: plb_v46_0_SYS_Rst -
   floating connection - C:\Users\VUser\Desktop\Practica5SE\system.mhs line 7 

Performing Clock DRCs...

Performing Reset DRCs...

Overriding system level properties...

Running system level update procedures...

Running UPDATE Tcl procedures for OPTION SYSLEVEL_UPDATE_PROC...

Running system level DRCs...

Performing System level DRCs on properties...

Running DRC Tcl procedures for OPTION SYSLEVEL_DRC_PROC...
Conversion to XML complete.
