Time resolution is 1 ps
Stopped at time : 0 fs : File "C:/hlocal/practica5/practica5.srcs/sources_1/new/controller.vhd" Line 68
Stopped at time : 0 fs : File "C:/hlocal/practica5/practica5.srcs/sources_1/new/controller.vhd" Line 70
Stopped at time : 0 fs : File "C:/hlocal/practica5/practica5.srcs/sources_1/new/controller.vhd" Line 57
Stopped at time : 100 ns : File "C:/hlocal/practica5/practica5.srcs/sources_1/new/controller.vhd" Line 80
Stopped at time : 300 ns : File "C:/hlocal/practica5/practica5.srcs/sources_1/new/controller.vhd" Line 80
Stopped at time : 400 ns : File "C:/hlocal/practica5/practica5.srcs/sources_1/new/controller.vhd" Line 90
Stopped at time : 400 ns : File "C:/hlocal/practica5/practica5.srcs/sources_1/new/controller.vhd" Line 91
Stopped at time : 400 ns : File "C:/hlocal/practica5/practica5.srcs/sources_1/new/controller.vhd" Line 92
Stopped at time : 400 ns : File "C:/hlocal/practica5/practica5.srcs/sources_1/new/controller.vhd" Line 93
Stopped at time : 400 ns : File "C:/hlocal/practica5/practica5.srcs/sources_1/new/controller.vhd" Line 53
Stopped at time : 500 ns : File "C:/hlocal/practica5/practica5.srcs/sources_1/new/controller.vhd" Line 98
Stopped at time : 500 ns : File "C:/hlocal/practica5/practica5.srcs/sources_1/new/controller.vhd" Line 99
Stopped at time : 500 ns : File "C:/hlocal/practica5/practica5.srcs/sources_1/new/controller.vhd" Line 100
Stopped at time : 500 ns : File "C:/hlocal/practica5/practica5.srcs/sources_1/new/controller.vhd" Line 101
Stopped at time : 500 ns : File "C:/hlocal/practica5/practica5.srcs/sources_1/new/controller.vhd" Line 53
Stopped at time : 500 ns : File "C:/hlocal/practica5/practica5.srcs/sources_1/new/data_path.vhd" Line 78
Stopped at time : 500 ns : File "C:/hlocal/practica5/practica5.srcs/sources_1/new/generador_efectos.vhd" Line 73
Stopped at time : 600 ns : File "C:/hlocal/practica5/practica5.srcs/sources_1/new/controller.vhd" Line 70
Stopped at time : 600 ns : File "C:/hlocal/practica5/practica5.srcs/sources_1/new/controller.vhd" Line 71
Stopped at time : 600 ns : File "C:/hlocal/practica5/practica5.srcs/sources_1/new/controller.vhd" Line 72
Stopped at time : 600 ns : File "C:/hlocal/practica5/practica5.srcs/sources_1/new/controller.vhd" Line 73
Stopped at time : 600 ns : File "C:/hlocal/practica5/practica5.srcs/sources_1/new/controller.vhd" Line 74
Stopped at time : 600 ns : File "C:/hlocal/practica5/practica5.srcs/sources_1/new/controller.vhd" Line 75
Stopped at time : 600 ns : File "C:/hlocal/practica5/practica5.srcs/sources_1/new/controller.vhd" Line 53
Stopped at time : 600 ns : File "C:/hlocal/practica5/practica5.srcs/sources_1/new/data_path.vhd" Line 78
Stopped at time : 700 ns : File "C:/hlocal/practica5/practica5.srcs/sources_1/new/controller.vhd" Line 80
Stopped at time : 700 ns : File "C:/hlocal/practica5/practica5.srcs/sources_1/new/controller.vhd" Line 81
Stopped at time : 700 ns : File "C:/hlocal/practica5/practica5.srcs/sources_1/new/controller.vhd" Line 82
Stopped at time : 700 ns : File "C:/hlocal/practica5/practica5.srcs/sources_1/new/controller.vhd" Line 83
Stopped at time : 700 ns : File "C:/hlocal/practica5/practica5.srcs/sources_1/new/controller.vhd" Line 84
Stopped at time : 700 ns : File "C:/hlocal/practica5/practica5.srcs/sources_1/new/controller.vhd" Line 85
Stopped at time : 700 ns : File "C:/hlocal/practica5/practica5.srcs/sources_1/new/controller.vhd" Line 53
Stopped at time : 700 ns : File "C:/hlocal/practica5/practica5.srcs/sources_1/new/data_path.vhd" Line 78
Stopped at time : 700 ns : File "C:/hlocal/practica5/practica5.srcs/sources_1/new/generador_efectos.vhd" Line 73
Stopped at time : 700 ns : File "C:/hlocal/practica5/practica5.srcs/sources_1/new/generador_efectos.vhd" Line 75
Stopped at time : 700 ns : File "C:/hlocal/practica5/practica5.srcs/sources_1/new/generador_efectos.vhd" Line 76
Stopped at time : 700 ns : File "C:/hlocal/practica5/practica5.srcs/sources_1/new/contadorMod10.vhd" Line 50
Stopped at time : 700 ns : File "C:/hlocal/practica5/practica5.srcs/sources_1/new/contadorMod10.vhd" Line 52
Stopped at time : 700 ns : File "C:/hlocal/practica5/practica5.srcs/sources_1/new/contadorMod10.vhd" Line 50
Stopped at time : 700 ns : File "C:/hlocal/practica5/practica5.srcs/sources_1/new/contadorMod10.vhd" Line 52
Stopped at time : 750 ns : File "C:/hlocal/practica5/practica5.srcs/sources_1/imports/practica5/debouncer.vhd" Line 27
Stopped at time : 750 ns : File "C:/hlocal/practica5/practica5.srcs/sources_1/imports/practica5/debouncer.vhd" Line 30
Stopped at time : 750 ns : File "C:/hlocal/practica5/practica5.srcs/sources_1/imports/practica5/debouncer.vhd" Line 42
Stopped at time : 750 ns : File "C:/hlocal/practica5/practica5.srcs/sources_1/imports/practica5/debouncer.vhd" Line 45
Stopped at time : 750 ns : File "C:/hlocal/practica5/practica5.srcs/sources_1/imports/practica5/debouncer.vhd" Line 47
Stopped at time : 750 ns : File "C:/hlocal/practica5/practica5.srcs/sources_1/imports/practica5/debouncer.vhd" Line 49
Stopped at time : 750 ns : File "C:/hlocal/practica5/practica5.srcs/sources_1/imports/practica5/debouncer.vhd" Line 63
Stopped at time : 750 ns : File "C:/hlocal/practica5/practica5.srcs/sources_1/imports/practica5/debouncer.vhd" Line 64
Stopped at time : 750 ns : File "C:/hlocal/practica5/practica5.srcs/sources_1/imports/practica5/debouncer.vhd" Line 65
Stopped at time : 750 ns : File "C:/hlocal/practica5/practica5.srcs/sources_1/imports/practica5/debouncer.vhd" Line 66
Stopped at time : 750 ns : File "C:/hlocal/practica5/practica5.srcs/sources_1/imports/practica5/debouncer.vhd" Line 67
Stopped at time : 750 ns : File "C:/hlocal/practica5/practica5.srcs/sources_1/imports/practica5/debouncer.vhd" Line 69
Stopped at time : 750 ns : File "C:/hlocal/practica5/practica5.srcs/sources_1/imports/practica5/debouncer.vhd" Line 84
Stopped at time : 750 ns : File "C:/hlocal/practica5/practica5.srcs/sources_1/imports/practica5/debouncer.vhd" Line 86
Stopped at time : 750 ns : File "C:/hlocal/practica5/practica5.srcs/sources_1/imports/practica5/debouncer.vhd" Line 27
Stopped at time : 750 ns : File "C:/hlocal/practica5/practica5.srcs/sources_1/imports/practica5/debouncer.vhd" Line 30
Stopped at time : 750 ns : File "C:/hlocal/practica5/practica5.srcs/sources_1/imports/practica5/debouncer.vhd" Line 42
Stopped at time : 750 ns : File "C:/hlocal/practica5/practica5.srcs/sources_1/imports/practica5/debouncer.vhd" Line 45
Stopped at time : 750 ns : File "C:/hlocal/practica5/practica5.srcs/sources_1/imports/practica5/debouncer.vhd" Line 47
Stopped at time : 750 ns : File "C:/hlocal/practica5/practica5.srcs/sources_1/imports/practica5/debouncer.vhd" Line 49
Stopped at time : 750 ns : File "C:/hlocal/practica5/practica5.srcs/sources_1/imports/practica5/debouncer.vhd" Line 63
Stopped at time : 750 ns : File "C:/hlocal/practica5/practica5.srcs/sources_1/imports/practica5/debouncer.vhd" Line 64
Stopped at time : 750 ns : File "C:/hlocal/practica5/practica5.srcs/sources_1/imports/practica5/debouncer.vhd" Line 65
Stopped at time : 750 ns : File "C:/hlocal/practica5/practica5.srcs/sources_1/imports/practica5/debouncer.vhd" Line 66
Stopped at time : 750 ns : File "C:/hlocal/practica5/practica5.srcs/sources_1/imports/practica5/debouncer.vhd" Line 67
Stopped at time : 750 ns : File "C:/hlocal/practica5/practica5.srcs/sources_1/imports/practica5/debouncer.vhd" Line 69
Stopped at time : 750 ns : File "C:/hlocal/practica5/practica5.srcs/sources_1/imports/practica5/debouncer.vhd" Line 84
Stopped at time : 750 ns : File "C:/hlocal/practica5/practica5.srcs/sources_1/imports/practica5/debouncer.vhd" Line 86
Stopped at time : 750 ns : File "C:/hlocal/practica5/practica5.srcs/sources_1/imports/practica5/divisor.vhd" Line 36
Stopped at time : 750 ns : File "C:/hlocal/practica5/practica5.srcs/sources_1/imports/practica5/divisor.vhd" Line 40
Stopped at time : 750 ns : File "C:/hlocal/practica5/practica5.srcs/sources_1/new/controller.vhd" Line 57
Stopped at time : 750 ns : File "C:/hlocal/practica5/practica5.srcs/sources_1/imports/practica5/displays.vhd" Line 48
Stopped at time : 800 ns : File "C:/hlocal/practica5/practica5.srcs/sources_1/imports/practica5/debouncer.vhd" Line 27
Stopped at time : 800 ns : File "C:/hlocal/practica5/practica5.srcs/sources_1/imports/practica5/debouncer.vhd" Line 30
Stopped at time : 800 ns : File "C:/hlocal/practica5/practica5.srcs/sources_1/imports/practica5/debouncer.vhd" Line 31
Stopped at time : 800 ns : File "C:/hlocal/practica5/practica5.srcs/sources_1/imports/practica5/debouncer.vhd" Line 32
Stopped at time : 800 ns : File "C:/hlocal/practica5/practica5.srcs/sources_1/imports/practica5/debouncer.vhd" Line 42
Stopped at time : 800 ns : File "C:/hlocal/practica5/practica5.srcs/sources_1/imports/practica5/debouncer.vhd" Line 45
Stopped at time : 800 ns : File "C:/hlocal/practica5/practica5.srcs/sources_1/imports/practica5/debouncer.vhd" Line 47
Stopped at time : 800 ns : File "C:/hlocal/practica5/practica5.srcs/sources_1/imports/practica5/debouncer.vhd" Line 49
Stopped at time : 800 ns : File "C:/hlocal/practica5/practica5.srcs/sources_1/imports/practica5/debouncer.vhd" Line 50
Stopped at time : 800 ns : File "C:/hlocal/practica5/practica5.srcs/sources_1/imports/practica5/debouncer.vhd" Line 52
Stopped at time : 800 ns : File "C:/hlocal/practica5/practica5.srcs/sources_1/imports/practica5/debouncer.vhd" Line 53
Stopped at time : 800 ns : File "C:/hlocal/practica5/practica5.srcs/sources_1/imports/practica5/debouncer.vhd" Line 63
Stopped at time : 800 ns : File "C:/hlocal/practica5/practica5.srcs/sources_1/imports/practica5/debouncer.vhd" Line 64
Stopped at time : 800 ns : File "C:/hlocal/practica5/practica5.srcs/sources_1/imports/practica5/debouncer.vhd" Line 65
Stopped at time : 800 ns : File "C:/hlocal/practica5/practica5.srcs/sources_1/imports/practica5/debouncer.vhd" Line 66
Stopped at time : 800 ns : File "C:/hlocal/practica5/practica5.srcs/sources_1/imports/practica5/debouncer.vhd" Line 67
Stopped at time : 800 ns : File "C:/hlocal/practica5/practica5.srcs/sources_1/imports/practica5/debouncer.vhd" Line 69
Stopped at time : 800 ns : File "C:/hlocal/practica5/practica5.srcs/sources_1/imports/practica5/debouncer.vhd" Line 84
Stopped at time : 800 ns : File "C:/hlocal/practica5/practica5.srcs/sources_1/imports/practica5/debouncer.vhd" Line 86
Stopped at time : 800 ns : File "C:/hlocal/practica5/practica5.srcs/sources_1/imports/practica5/debouncer.vhd" Line 87
Stopped at time : 800 ns : File "C:/hlocal/practica5/practica5.srcs/sources_1/imports/practica5/debouncer.vhd" Line 89
Stopped at time : 800 ns : File "C:/hlocal/practica5/practica5.srcs/sources_1/imports/practica5/debouncer.vhd" Line 27
Stopped at time : 800 ns : File "C:/hlocal/practica5/practica5.srcs/sources_1/imports/practica5/debouncer.vhd" Line 30
Stopped at time : 800 ns : File "C:/hlocal/practica5/practica5.srcs/sources_1/imports/practica5/debouncer.vhd" Line 31
Stopped at time : 800 ns : File "C:/hlocal/practica5/practica5.srcs/sources_1/imports/practica5/debouncer.vhd" Line 32
Stopped at time : 800 ns : File "C:/hlocal/practica5/practica5.srcs/sources_1/imports/practica5/debouncer.vhd" Line 42
Stopped at time : 800 ns : File "C:/hlocal/practica5/practica5.srcs/sources_1/imports/practica5/debouncer.vhd" Line 45
Stopped at time : 800 ns : File "C:/hlocal/practica5/practica5.srcs/sources_1/imports/practica5/debouncer.vhd" Line 47
Stopped at time : 800 ns : File "C:/hlocal/practica5/practica5.srcs/sources_1/imports/practica5/debouncer.vhd" Line 49
Stopped at time : 800 ns : File "C:/hlocal/practica5/practica5.srcs/sources_1/imports/practica5/debouncer.vhd" Line 50
Stopped at time : 800 ns : File "C:/hlocal/practica5/practica5.srcs/sources_1/imports/practica5/debouncer.vhd" Line 52
Stopped at time : 800 ns : File "C:/hlocal/practica5/practica5.srcs/sources_1/imports/practica5/debouncer.vhd" Line 53
Stopped at time : 800 ns : File "C:/hlocal/practica5/practica5.srcs/sources_1/imports/practica5/debouncer.vhd" Line 63
Stopped at time : 800 ns : File "C:/hlocal/practica5/practica5.srcs/sources_1/imports/practica5/debouncer.vhd" Line 64
Stopped at time : 800 ns : File "C:/hlocal/practica5/practica5.srcs/sources_1/imports/practica5/debouncer.vhd" Line 65
Stopped at time : 800 ns : File "C:/hlocal/practica5/practica5.srcs/sources_1/imports/practica5/debouncer.vhd" Line 66
Stopped at time : 800 ns : File "C:/hlocal/practica5/practica5.srcs/sources_1/imports/practica5/debouncer.vhd" Line 67
Stopped at time : 800 ns : File "C:/hlocal/practica5/practica5.srcs/sources_1/imports/practica5/debouncer.vhd" Line 69
Stopped at time : 800 ns : File "C:/hlocal/practica5/practica5.srcs/sources_1/imports/practica5/debouncer.vhd" Line 84
Stopped at time : 800 ns : File "C:/hlocal/practica5/practica5.srcs/sources_1/imports/practica5/debouncer.vhd" Line 86
Stopped at time : 800 ns : File "C:/hlocal/practica5/practica5.srcs/sources_1/imports/practica5/debouncer.vhd" Line 87
Stopped at time : 800 ns : File "C:/hlocal/practica5/practica5.srcs/sources_1/imports/practica5/debouncer.vhd" Line 89
Stopped at time : 800 ns : File "C:/hlocal/practica5/practica5.srcs/sources_1/imports/practica5/divisor.vhd" Line 36
Stopped at time : 800 ns : File "C:/hlocal/practica5/practica5.srcs/sources_1/imports/practica5/divisor.vhd" Line 40
Stopped at time : 800 ns : File "C:/hlocal/practica5/practica5.srcs/sources_1/imports/practica5/divisor.vhd" Line 41
Stopped at time : 800 ns : File "C:/hlocal/practica5/practica5.srcs/sources_1/imports/practica5/divisor.vhd" Line 44
Stopped at time : 800 ns : File "C:/hlocal/practica5/practica5.srcs/sources_1/imports/practica5/divisor.vhd" Line 44
Stopped at time : 800 ns : File "C:/hlocal/practica5/practica5.srcs/sources_1/imports/practica5/divisor.vhd" Line 46
Stopped at time : 800 ns : File "C:/hlocal/practica5/practica5.srcs/sources_1/imports/practica5/divisor.vhd" Line 49
Stopped at time : 800 ns : File "C:/hlocal/practica5/practica5.srcs/sources_1/imports/practica5/divisor.vhd" Line 49
Stopped at time : 800 ns : File "C:/hlocal/practica5/practica5.srcs/sources_1/imports/practica5/divisor.vhd" Line 51
Stopped at time : 800 ns : File "C:/hlocal/practica5/practica5.srcs/sources_1/imports/practica5/divisor.vhd" Line 54
Stopped at time : 800 ns : File "C:/hlocal/practica5/practica5.srcs/sources_1/imports/practica5/divisor.vhd" Line 54
Stopped at time : 800 ns : File "C:/hlocal/practica5/practica5.srcs/sources_1/new/controller.vhd" Line 57
Stopped at time : 800 ns : File "C:/hlocal/practica5/practica5.srcs/sources_1/new/controller.vhd" Line 58
Stopped at time : 800 ns : File "C:/hlocal/practica5/practica5.srcs/sources_1/new/controller.vhd" Line 61
Stopped at time : 800 ns : File "C:/hlocal/practica5/practica5.srcs/sources_1/imports/practica5/displays.vhd" Line 48
Stopped at time : 800 ns : File "C:/hlocal/practica5/practica5.srcs/sources_1/imports/practica5/displays.vhd" Line 49
Stopped at time : 800 ns : File "C:/hlocal/practica5/practica5.srcs/sources_1/imports/practica5/displays.vhd" Line 52
Stopped at time : 800 ns : File "C:/hlocal/practica5/practica5.srcs/sources_1/new/controller.vhd" Line 68
Stopped at time : 800 ns : File "C:/hlocal/practica5/practica5.srcs/sources_1/new/controller.vhd" Line 90
Stopped at time : 800 ns : File "C:/hlocal/practica5/practica5.srcs/sources_1/new/controller.vhd" Line 91
Stopped at time : 800 ns : File "C:/hlocal/practica5/practica5.srcs/sources_1/new/controller.vhd" Line 92
Stopped at time : 800 ns : File "C:/hlocal/practica5/practica5.srcs/sources_1/new/controller.vhd" Line 93
Stopped at time : 800 ns : File "C:/hlocal/practica5/practica5.srcs/sources_1/new/controller.vhd" Line 53
Stopped at time : 800 ns : File "C:/hlocal/practica5/practica5.srcs/sources_1/new/data_path.vhd" Line 78
Stopped at time : 800 ns : File "C:/hlocal/practica5/practica5.srcs/sources_1/new/contadorMod10.vhd" Line 50
Stopped at time : 800 ns : File "C:/hlocal/practica5/practica5.srcs/sources_1/new/contadorMod10.vhd" Line 52
Stopped at time : 800 ns : File "C:/hlocal/practica5/practica5.srcs/sources_1/new/contadorMod10.vhd" Line 50
Stopped at time : 800 ns : File "C:/hlocal/practica5/practica5.srcs/sources_1/new/contadorMod10.vhd" Line 52
Stopped at time : 850 ns : File "C:/hlocal/practica5/practica5.srcs/sources_1/imports/practica5/debouncer.vhd" Line 27
Stopped at time : 850 ns : File "C:/hlocal/practica5/practica5.srcs/sources_1/imports/practica5/debouncer.vhd" Line 30
Stopped at time : 850 ns : File "C:/hlocal/practica5/practica5.srcs/sources_1/imports/practica5/debouncer.vhd" Line 42
Stopped at time : 850 ns : File "C:/hlocal/practica5/practica5.srcs/sources_1/imports/practica5/debouncer.vhd" Line 45
Stopped at time : 850 ns : File "C:/hlocal/practica5/practica5.srcs/sources_1/imports/practica5/debouncer.vhd" Line 47
Stopped at time : 850 ns : File "C:/hlocal/practica5/practica5.srcs/sources_1/imports/practica5/debouncer.vhd" Line 49
Stopped at time : 850 ns : File "C:/hlocal/practica5/practica5.srcs/sources_1/imports/practica5/debouncer.vhd" Line 63
Stopped at time : 850 ns : File "C:/hlocal/practica5/practica5.srcs/sources_1/imports/practica5/debouncer.vhd" Line 64
Stopped at time : 850 ns : File "C:/hlocal/practica5/practica5.srcs/sources_1/imports/practica5/debouncer.vhd" Line 65
Stopped at time : 850 ns : File "C:/hlocal/practica5/practica5.srcs/sources_1/imports/practica5/debouncer.vhd" Line 66
Stopped at time : 850 ns : File "C:/hlocal/practica5/practica5.srcs/sources_1/imports/practica5/debouncer.vhd" Line 67
Stopped at time : 850 ns : File "C:/hlocal/practica5/practica5.srcs/sources_1/imports/practica5/debouncer.vhd" Line 69
Stopped at time : 850 ns : File "C:/hlocal/practica5/practica5.srcs/sources_1/imports/practica5/debouncer.vhd" Line 84
Stopped at time : 850 ns : File "C:/hlocal/practica5/practica5.srcs/sources_1/imports/practica5/debouncer.vhd" Line 86
Stopped at time : 850 ns : File "C:/hlocal/practica5/practica5.srcs/sources_1/imports/practica5/debouncer.vhd" Line 27
Stopped at time : 850 ns : File "C:/hlocal/practica5/practica5.srcs/sources_1/imports/practica5/debouncer.vhd" Line 30
Stopped at time : 850 ns : File "C:/hlocal/practica5/practica5.srcs/sources_1/imports/practica5/debouncer.vhd" Line 42
Stopped at time : 850 ns : File "C:/hlocal/practica5/practica5.srcs/sources_1/imports/practica5/debouncer.vhd" Line 45
Stopped at time : 850 ns : File "C:/hlocal/practica5/practica5.srcs/sources_1/imports/practica5/debouncer.vhd" Line 47
Stopped at time : 850 ns : File "C:/hlocal/practica5/practica5.srcs/sources_1/imports/practica5/debouncer.vhd" Line 49
Stopped at time : 850 ns : File "C:/hlocal/practica5/practica5.srcs/sources_1/imports/practica5/debouncer.vhd" Line 63
Stopped at time : 850 ns : File "C:/hlocal/practica5/practica5.srcs/sources_1/imports/practica5/debouncer.vhd" Line 64
Stopped at time : 850 ns : File "C:/hlocal/practica5/practica5.srcs/sources_1/imports/practica5/debouncer.vhd" Line 65
Stopped at time : 850 ns : File "C:/hlocal/practica5/practica5.srcs/sources_1/imports/practica5/debouncer.vhd" Line 66
Stopped at time : 850 ns : File "C:/hlocal/practica5/practica5.srcs/sources_1/imports/practica5/debouncer.vhd" Line 67
Stopped at time : 850 ns : File "C:/hlocal/practica5/practica5.srcs/sources_1/imports/practica5/debouncer.vhd" Line 69
Stopped at time : 850 ns : File "C:/hlocal/practica5/practica5.srcs/sources_1/imports/practica5/debouncer.vhd" Line 84
Stopped at time : 850 ns : File "C:/hlocal/practica5/practica5.srcs/sources_1/imports/practica5/debouncer.vhd" Line 86
Stopped at time : 850 ns : File "C:/hlocal/practica5/practica5.srcs/sources_1/imports/practica5/divisor.vhd" Line 36
Stopped at time : 850 ns : File "C:/hlocal/practica5/practica5.srcs/sources_1/imports/practica5/divisor.vhd" Line 40
Stopped at time : 850 ns : File "C:/hlocal/practica5/practica5.srcs/sources_1/new/controller.vhd" Line 57
Stopped at time : 850 ns : File "C:/hlocal/practica5/practica5.srcs/sources_1/imports/practica5/displays.vhd" Line 48
Stopped at time : 900 ns : File "C:/hlocal/practica5/practica5.srcs/sources_1/imports/practica5/debouncer.vhd" Line 27
Stopped at time : 900 ns : File "C:/hlocal/practica5/practica5.srcs/sources_1/imports/practica5/debouncer.vhd" Line 30
Stopped at time : 900 ns : File "C:/hlocal/practica5/practica5.srcs/sources_1/imports/practica5/debouncer.vhd" Line 31
Stopped at time : 900 ns : File "C:/hlocal/practica5/practica5.srcs/sources_1/imports/practica5/debouncer.vhd" Line 32
Stopped at time : 900 ns : File "C:/hlocal/practica5/practica5.srcs/sources_1/imports/practica5/debouncer.vhd" Line 42
Stopped at time : 900 ns : File "C:/hlocal/practica5/practica5.srcs/sources_1/imports/practica5/debouncer.vhd" Line 45
Stopped at time : 900 ns : File "C:/hlocal/practica5/practica5.srcs/sources_1/imports/practica5/debouncer.vhd" Line 47
Stopped at time : 900 ns : File "C:/hlocal/practica5/practica5.srcs/sources_1/imports/practica5/debouncer.vhd" Line 49
Stopped at time : 900 ns : File "C:/hlocal/practica5/practica5.srcs/sources_1/imports/practica5/debouncer.vhd" Line 50
Stopped at time : 900 ns : File "C:/hlocal/practica5/practica5.srcs/sources_1/imports/practica5/debouncer.vhd" Line 52
Stopped at time : 900 ns : File "C:/hlocal/practica5/practica5.srcs/sources_1/imports/practica5/debouncer.vhd" Line 53
Stopped at time : 900 ns : File "C:/hlocal/practica5/practica5.srcs/sources_1/imports/practica5/debouncer.vhd" Line 63
Stopped at time : 900 ns : File "C:/hlocal/practica5/practica5.srcs/sources_1/imports/practica5/debouncer.vhd" Line 64
Stopped at time : 900 ns : File "C:/hlocal/practica5/practica5.srcs/sources_1/imports/practica5/debouncer.vhd" Line 65
Stopped at time : 900 ns : File "C:/hlocal/practica5/practica5.srcs/sources_1/imports/practica5/debouncer.vhd" Line 66
Stopped at time : 900 ns : File "C:/hlocal/practica5/practica5.srcs/sources_1/imports/practica5/debouncer.vhd" Line 67
Stopped at time : 900 ns : File "C:/hlocal/practica5/practica5.srcs/sources_1/imports/practica5/debouncer.vhd" Line 69
Stopped at time : 900 ns : File "C:/hlocal/practica5/practica5.srcs/sources_1/imports/practica5/debouncer.vhd" Line 84
Stopped at time : 900 ns : File "C:/hlocal/practica5/practica5.srcs/sources_1/imports/practica5/debouncer.vhd" Line 86
Stopped at time : 900 ns : File "C:/hlocal/practica5/practica5.srcs/sources_1/imports/practica5/debouncer.vhd" Line 87
Stopped at time : 900 ns : File "C:/hlocal/practica5/practica5.srcs/sources_1/imports/practica5/debouncer.vhd" Line 89
Stopped at time : 900 ns : File "C:/hlocal/practica5/practica5.srcs/sources_1/imports/practica5/debouncer.vhd" Line 27
Stopped at time : 900 ns : File "C:/hlocal/practica5/practica5.srcs/sources_1/imports/practica5/debouncer.vhd" Line 30
Stopped at time : 900 ns : File "C:/hlocal/practica5/practica5.srcs/sources_1/imports/practica5/debouncer.vhd" Line 31
Stopped at time : 900 ns : File "C:/hlocal/practica5/practica5.srcs/sources_1/imports/practica5/debouncer.vhd" Line 32
Stopped at time : 900 ns : File "C:/hlocal/practica5/practica5.srcs/sources_1/imports/practica5/debouncer.vhd" Line 42
Stopped at time : 900 ns : File "C:/hlocal/practica5/practica5.srcs/sources_1/imports/practica5/debouncer.vhd" Line 45
Stopped at time : 900 ns : File "C:/hlocal/practica5/practica5.srcs/sources_1/imports/practica5/debouncer.vhd" Line 47
Stopped at time : 900 ns : File "C:/hlocal/practica5/practica5.srcs/sources_1/imports/practica5/debouncer.vhd" Line 49
Stopped at time : 900 ns : File "C:/hlocal/practica5/practica5.srcs/sources_1/imports/practica5/debouncer.vhd" Line 50
Stopped at time : 900 ns : File "C:/hlocal/practica5/practica5.srcs/sources_1/imports/practica5/debouncer.vhd" Line 52
Stopped at time : 900 ns : File "C:/hlocal/practica5/practica5.srcs/sources_1/imports/practica5/debouncer.vhd" Line 53
Stopped at time : 900 ns : File "C:/hlocal/practica5/practica5.srcs/sources_1/imports/practica5/debouncer.vhd" Line 63
Stopped at time : 900 ns : File "C:/hlocal/practica5/practica5.srcs/sources_1/imports/practica5/debouncer.vhd" Line 64
Stopped at time : 900 ns : File "C:/hlocal/practica5/practica5.srcs/sources_1/imports/practica5/debouncer.vhd" Line 65
Stopped at time : 900 ns : File "C:/hlocal/practica5/practica5.srcs/sources_1/imports/practica5/debouncer.vhd" Line 66
Stopped at time : 900 ns : File "C:/hlocal/practica5/practica5.srcs/sources_1/imports/practica5/debouncer.vhd" Line 67
Stopped at time : 900 ns : File "C:/hlocal/practica5/practica5.srcs/sources_1/imports/practica5/debouncer.vhd" Line 69
Stopped at time : 900 ns : File "C:/hlocal/practica5/practica5.srcs/sources_1/imports/practica5/debouncer.vhd" Line 84
Stopped at time : 900 ns : File "C:/hlocal/practica5/practica5.srcs/sources_1/imports/practica5/debouncer.vhd" Line 86
Stopped at time : 900 ns : File "C:/hlocal/practica5/practica5.srcs/sources_1/imports/practica5/debouncer.vhd" Line 87
Stopped at time : 900 ns : File "C:/hlocal/practica5/practica5.srcs/sources_1/imports/practica5/debouncer.vhd" Line 89
Stopped at time : 900 ns : File "C:/hlocal/practica5/practica5.srcs/sources_1/imports/practica5/divisor.vhd" Line 36
Stopped at time : 900 ns : File "C:/hlocal/practica5/practica5.srcs/sources_1/imports/practica5/divisor.vhd" Line 40
Stopped at time : 900 ns : File "C:/hlocal/practica5/practica5.srcs/sources_1/imports/practica5/divisor.vhd" Line 41
Stopped at time : 900 ns : File "C:/hlocal/practica5/practica5.srcs/sources_1/imports/practica5/divisor.vhd" Line 44
Stopped at time : 900 ns : File "C:/hlocal/practica5/practica5.srcs/sources_1/imports/practica5/divisor.vhd" Line 44
Stopped at time : 900 ns : File "C:/hlocal/practica5/practica5.srcs/sources_1/imports/practica5/divisor.vhd" Line 46
Stopped at time : 900 ns : File "C:/hlocal/practica5/practica5.srcs/sources_1/imports/practica5/divisor.vhd" Line 49
Stopped at time : 900 ns : File "C:/hlocal/practica5/practica5.srcs/sources_1/imports/practica5/divisor.vhd" Line 49
Stopped at time : 900 ns : File "C:/hlocal/practica5/practica5.srcs/sources_1/imports/practica5/divisor.vhd" Line 51
Stopped at time : 900 ns : File "C:/hlocal/practica5/practica5.srcs/sources_1/imports/practica5/divisor.vhd" Line 54
Stopped at time : 900 ns : File "C:/hlocal/practica5/practica5.srcs/sources_1/imports/practica5/divisor.vhd" Line 54
Stopped at time : 900 ns : File "C:/hlocal/practica5/practica5.srcs/sources_1/new/controller.vhd" Line 57
Stopped at time : 900 ns : File "C:/hlocal/practica5/practica5.srcs/sources_1/new/controller.vhd" Line 58
Stopped at time : 900 ns : File "C:/hlocal/practica5/practica5.srcs/sources_1/new/controller.vhd" Line 61
Stopped at time : 900 ns : File "C:/hlocal/practica5/practica5.srcs/sources_1/imports/practica5/displays.vhd" Line 48
Stopped at time : 900 ns : File "C:/hlocal/practica5/practica5.srcs/sources_1/imports/practica5/displays.vhd" Line 49
Stopped at time : 900 ns : File "C:/hlocal/practica5/practica5.srcs/sources_1/imports/practica5/displays.vhd" Line 52
Stopped at time : 900 ns : File "C:/hlocal/practica5/practica5.srcs/sources_1/new/controller.vhd" Line 68
Stopped at time : 900 ns : File "C:/hlocal/practica5/practica5.srcs/sources_1/new/controller.vhd" Line 98
Stopped at time : 900 ns : File "C:/hlocal/practica5/practica5.srcs/sources_1/new/controller.vhd" Line 99
Stopped at time : 900 ns : File "C:/hlocal/practica5/practica5.srcs/sources_1/new/controller.vhd" Line 100
Stopped at time : 900 ns : File "C:/hlocal/practica5/practica5.srcs/sources_1/new/controller.vhd" Line 101
